Using pre-set license
Built from '2022.3/staging' branch; Version is '2022.3.13f1 (5f90a5ebde0f) revision 6262949'; Using compiler version '192829333'; Build Type 'Release'
OS: 'Windows 10  (10.0.17763) 64bit EnterpriseS' Language: 'ja' Physical Memory: 8033 MB
BatchMode: 1, IsHumanControllingUs: 0, StartBugReporterOnCrash: 0, Is64bit: 1, IsPro: 1

COMMAND LINE ARGUMENTS:
C:\Program Files\2022.3.13f1\Editor\Unity.exe
-adb2
-batchMode
-noUpm
-name
AssetImportWorker3
-projectPath
U:/tet/実物/unity/New Goodbye
-logFile
Logs/AssetImportWorker3.log
-srvPort
49914
Successfully changed project path to: U:/tet/実物/unity/New Goodbye
U:/tet/実物/unity/New Goodbye
[UnityMemory] Configuration Parameters - Can be set up in boot.config
    "memorysetup-bucket-allocator-granularity=16"
    "memorysetup-bucket-allocator-bucket-count=8"
    "memorysetup-bucket-allocator-block-size=33554432"
    "memorysetup-bucket-allocator-block-count=8"
    "memorysetup-main-allocator-block-size=16777216"
    "memorysetup-thread-allocator-block-size=16777216"
    "memorysetup-gfx-main-allocator-block-size=16777216"
    "memorysetup-gfx-thread-allocator-block-size=16777216"
    "memorysetup-cache-allocator-block-size=4194304"
    "memorysetup-typetree-allocator-block-size=2097152"
    "memorysetup-profiler-bucket-allocator-granularity=16"
    "memorysetup-profiler-bucket-allocator-bucket-count=8"
    "memorysetup-profiler-bucket-allocator-block-size=33554432"
    "memorysetup-profiler-bucket-allocator-block-count=8"
    "memorysetup-profiler-allocator-block-size=16777216"
    "memorysetup-profiler-editor-allocator-block-size=1048576"
    "memorysetup-temp-allocator-size-main=16777216"
    "memorysetup-job-temp-allocator-block-size=2097152"
    "memorysetup-job-temp-allocator-block-size-background=1048576"
    "memorysetup-job-temp-allocator-reduction-small-platforms=262144"
    "memorysetup-allocator-temp-initial-block-size-main=262144"
    "memorysetup-allocator-temp-initial-block-size-worker=262144"
    "memorysetup-temp-allocator-size-background-worker=32768"
    "memorysetup-temp-allocator-size-job-worker=262144"
    "memorysetup-temp-allocator-size-preload-manager=33554432"
    "memorysetup-temp-allocator-size-nav-mesh-worker=65536"
    "memorysetup-temp-allocator-size-audio-worker=65536"
    "memorysetup-temp-allocator-size-cloud-worker=32768"
    "memorysetup-temp-allocator-size-gi-baking-worker=262144"
    "memorysetup-temp-allocator-size-gfx=262144"
Player connection [8884] Host "[IP] 10.138.181.5 [Port] 0 [Flags] 2 [Guid] 1912987866 [EditorId] 1912987866 [Version] 1048832 [Id] WindowsEditor(7,NETCL05) [Debug] 1 [PackageName] WindowsEditor [ProjectName] Editor" joined multi-casting on [225.0.0.222:54997]...

Player connection [8884] Host "[IP] 10.138.181.5 [Port] 0 [Flags] 2 [Guid] 1912987866 [EditorId] 1912987866 [Version] 1048832 [Id] WindowsEditor(7,NETCL05) [Debug] 1 [PackageName] WindowsEditor [ProjectName] Editor" joined alternative multi-casting on [225.0.0.222:34997]...

[Physics::Module] Initialized MultithreadedJobDispatcher with 5 workers.
Refreshing native plugins compatible for Editor in 125.09 ms, found 3 plugins.
Preloading 0 native plugins for Editor in 0.00 ms.
Initialize engine version: 2022.3.13f1 (5f90a5ebde0f)
[Subsystems] Discovering subsystems at path C:/Program Files/2022.3.13f1/Editor/Data/Resources/UnitySubsystems
[Subsystems] Discovering subsystems at path U:/tet/実物/unity/New Goodbye/Assets
GfxDevice: creating device client; threaded=0; jobified=0
Direct3D:
    Version:  Direct3D 11.0 [level 11.1]
    Renderer: AMD Radeon RX 550 (ID=0x699f)
    Vendor:   ATI
    VRAM:     1994 MB
    Driver:   25.20.14003.2000
Initialize mono
Mono path[0] = 'C:/Program Files/2022.3.13f1/Editor/Data/Managed'
Mono path[1] = 'C:/Program Files/2022.3.13f1/Editor/Data/MonoBleedingEdge/lib/mono/unityjit-win32'
Mono config path = 'C:/Program Files/2022.3.13f1/Editor/Data/MonoBleedingEdge/etc'
Using monoOptions --debugger-agent=transport=dt_socket,embedding=1,server=y,suspend=n,address=127.0.0.1:56304
Begin MonoManager ReloadAssembly
Registering precompiled unity dll's ...
Register platform support module: C:/Program Files/2022.3.13f1/Editor/Data/PlaybackEngines/WebGLSupport/UnityEditor.WebGL.Extensions.dll
Register platform support module: C:/Program Files/2022.3.13f1/Editor/Data/PlaybackEngines/WindowsStandaloneSupport/UnityEditor.WindowsStandalone.Extensions.dll
Registered in 0.009307 seconds.
- Loaded All Assemblies, in  0.361 seconds
Native extension for WindowsStandalone target not found
Native extension for WebGL target not found
Mono: successfully reloaded assembly
- Finished resetting the current domain, in  0.250 seconds
Domain Reload Profiling: 609ms
	BeginReloadAssembly (120ms)
		ExecutionOrderSort (0ms)
		DisableScriptedObjects (0ms)
		BackupInstance (0ms)
		ReleaseScriptingObjects (0ms)
		CreateAndSetChildDomain (1ms)
	RebuildCommonClasses (33ms)
	RebuildNativeTypeToScriptingClass (11ms)
	initialDomainReloadingComplete (59ms)
	LoadAllAssembliesAndSetupDomain (137ms)
		LoadAssemblies (118ms)
		RebuildTransferFunctionScriptingTraits (0ms)
		AnalyzeDomain (134ms)
			TypeCache.Refresh (133ms)
				TypeCache.ScanAssembly (120ms)
			ScanForSourceGeneratedMonoScriptInfo (0ms)
			ResolveRequiredComponents (0ms)
	FinalizeReload (250ms)
		ReleaseScriptCaches (0ms)
		RebuildScriptCaches (0ms)
		SetupLoadedEditorAssemblies (190ms)
			LogAssemblyErrors (0ms)
			InitializePlatformSupportModulesInManaged (10ms)
			SetLoadedEditorAssemblies (6ms)
			RefreshPlugins (0ms)
			BeforeProcessingInitializeOnLoad (2ms)
			ProcessInitializeOnLoadAttributes (125ms)
			ProcessInitializeOnLoadMethodAttributes (48ms)
			AfterProcessingInitializeOnLoad (0ms)
			EditorAssembliesLoaded (0ms)
		ExecutionOrderSort2 (0ms)
		AwakeInstancesAfterBackupRestoration (0ms)
========================================================================
Worker process is ready to serve import requests
Begin MonoManager ReloadAssembly
- Loaded All Assemblies, in  1.225 seconds
Refreshing native plugins compatible for Editor in 18.94 ms, found 3 plugins.
Native extension for WindowsStandalone target not found
Native extension for WebGL target not found
Package Manager log level set to [2]
[Package Manager] Server::EnsureServerProcessIsRunning -- launch failed, reason: Unity was launched with the -noUpm command-line argument
[Package Manager] UpmClient::Send -- Unable to send message (not connected to UPM process).
[Package Manager] Cannot connect to Unity Package Manager local server
Mono: successfully reloaded assembly
- Finished resetting the current domain, in  0.642 seconds
Domain Reload Profiling: 1852ms
	BeginReloadAssembly (161ms)
		ExecutionOrderSort (0ms)
		DisableScriptedObjects (6ms)
		BackupInstance (0ms)
		ReleaseScriptingObjects (0ms)
		CreateAndSetChildDomain (19ms)
	RebuildCommonClasses (32ms)
	RebuildNativeTypeToScriptingClass (11ms)
	initialDomainReloadingComplete (44ms)
	LoadAllAssembliesAndSetupDomain (961ms)
		LoadAssemblies (887ms)
		RebuildTransferFunctionScriptingTraits (0ms)
		AnalyzeDomain (170ms)
			TypeCache.Refresh (149ms)
				TypeCache.ScanAssembly (136ms)
			ScanForSourceGeneratedMonoScriptInfo (14ms)
			ResolveRequiredComponents (5ms)
	FinalizeReload (643ms)
		ReleaseScriptCaches (0ms)
		RebuildScriptCaches (0ms)
		SetupLoadedEditorAssemblies (501ms)
			LogAssemblyErrors (0ms)
			InitializePlatformSupportModulesInManaged (6ms)
			SetLoadedEditorAssemblies (4ms)
			RefreshPlugins (0ms)
			BeforeProcessingInitializeOnLoad (94ms)
			ProcessInitializeOnLoadAttributes (369ms)
			ProcessInitializeOnLoadMethodAttributes (21ms)
			AfterProcessingInitializeOnLoad (7ms)
			EditorAssembliesLoaded (0ms)
		ExecutionOrderSort2 (0ms)
		AwakeInstancesAfterBackupRestoration (6ms)
Launched and connected shader compiler UnityShaderCompiler.exe after 0.05 seconds
Refreshing native plugins compatible for Editor in 9.18 ms, found 3 plugins.
Preloading 0 native plugins for Editor in 0.00 ms.
Unloading 3151 Unused Serialized files (Serialized files now loaded: 0)
Unloading 32 unused Assets / (57.0 KB). Loaded Objects now: 3618.
Memory consumption went from 128.4 MB to 128.3 MB.
Total: 2.539100 ms (FindLiveObjects: 0.243400 ms CreateObjectMapping: 0.189200 ms MarkObjects: 2.015600 ms  DeleteObjects: 0.089100 ms)

AssetImportParameters requested are different than current active one (requested -> active):
  custom:container-demuxer-ogg: 62fdf1f143b41e24485cea50d1cbac27 -> 
  custom:video-decoder-ogg-theora: a1e56fd34408186e4bbccfd4996cb3dc -> 
  custom:framework-win-MediaFoundation: 216162199b28c13a410421893ffa2e32 -> 
  custom:CustomObjectIndexerAttribute: 756ad292c208cfabdd7b50bc23989ffe -> 
  custom:container-demuxer-webm: 4f35f7cbe854078d1ac9338744f61a02 -> 
  custom:container-muxer-webm: aa71ff27fc2769a1b78a27578f13a17b -> 
  custom:video-decoder-webm-vp8: 9c59270c3fd7afecdb556c50c9e8de78 -> 
  custom:SearchIndexIgnoredProperties: e643bd26f0fe6173181afceb89e7c659 -> 
  custom:AudioImporter_EditorPlatform: d09bf68614088b80899f8185d706f6e7 -> 
  custom:video-encoder-webm-vp8: eb34c28f22e8b96e1ab97ce403110664 -> 
  custom:audio-decoder-ogg-vorbis: bf7c407c2cedff20999df2af8eb42d56 -> 
  custom:audio-encoder-webm-vorbis: bf7c407c2cedff20999df2af8eb42d56 -> 
========================================================================
Received Import Request.
  Time since last request: 624.498805 seconds.
  path: Assets/Resources/defrt/3F.png
  artifactKey: Guid(dce37be060f0c034fa5cc82f70583989) Importer(815301076,1909f56bfc062723c751e8b465ee728b)
Start importing Assets/Resources/defrt/3F.png using Guid(dce37be060f0c034fa5cc82f70583989) Importer(815301076,1909f56bfc062723c751e8b465ee728b)  -> (artifact id: 'd46bdbe597e1aec1b10dcde61cd23a46') in 0.117902 seconds
Number of updated asset objects reloaded before import = 0
Number of asset objects unloaded after import = 2
========================================================================
Received Import Request.
  Time since last request: 0.000025 seconds.
  path: Assets/Resources/defrt/イベント1.png
  artifactKey: Guid(32a96d4cf860fd146abf9926bbe3bfbc) Importer(815301076,1909f56bfc062723c751e8b465ee728b)
Start importing Assets/Resources/defrt/イベント1.png using Guid(32a96d4cf860fd146abf9926bbe3bfbc) Importer(815301076,1909f56bfc062723c751e8b465ee728b)  -> (artifact id: '48f7cfedf5cf625ee0ca854aa36619dc') in 0.097620 seconds
Number of updated asset objects reloaded before import = 0
Number of asset objects unloaded after import = 2
========================================================================
Received Import Request.
  Time since last request: 0.000058 seconds.
  path: Assets/Resources/defrt/ゲーム画面2.png
  artifactKey: Guid(ac8bdee36ceffa845bfb1c5bfc35e79c) Importer(815301076,1909f56bfc062723c751e8b465ee728b)
Start importing Assets/Resources/defrt/ゲーム画面2.png using Guid(ac8bdee36ceffa845bfb1c5bfc35e79c) Importer(815301076,1909f56bfc062723c751e8b465ee728b)  -> (artifact id: '0348bd1a52580fee06ab9a80ab135b16') in 0.032780 seconds
Number of updated asset objects reloaded before import = 0
Number of asset objects unloaded after import = 2
========================================================================
Received Import Request.
  Time since last request: 0.000035 seconds.
  path: Assets/Resources/defrt/光る高塚.png
  artifactKey: Guid(5954ab915828b0546a5a9e9806e14d78) Importer(815301076,1909f56bfc062723c751e8b465ee728b)
Start importing Assets/Resources/defrt/光る高塚.png using Guid(5954ab915828b0546a5a9e9806e14d78) Importer(815301076,1909f56bfc062723c751e8b465ee728b)  -> (artifact id: '18a88f88a6983fdff91fc2418783b335') in 0.045738 seconds
Number of updated asset objects reloaded before import = 0
Number of asset objects unloaded after import = 2
========================================================================
Received Import Request.
  Time since last request: 0.000457 seconds.
  path: Assets/Resources/defrt/エレベーター 1.png
  artifactKey: Guid(fcb7be93bc2235845b45af085e12f9ea) Importer(815301076,1909f56bfc062723c751e8b465ee728b)
Start importing Assets/Resources/defrt/エレベーター 1.png using Guid(fcb7be93bc2235845b45af085e12f9ea) Importer(815301076,1909f56bfc062723c751e8b465ee728b)  -> (artifact id: '2b4d8f5d9d29301c0db347ed2b56c425') in 0.157953 seconds
Number of updated asset objects reloaded before import = 0
Number of asset objects unloaded after import = 2
========================================================================
Received Import Request.
  Time since last request: 0.000015 seconds.
  path: Assets/Resources/defrt/紫.png
  artifactKey: Guid(39c7395522c65114c8fd4ce735e910a2) Importer(815301076,1909f56bfc062723c751e8b465ee728b)
Start importing Assets/Resources/defrt/紫.png using Guid(39c7395522c65114c8fd4ce735e910a2) Importer(815301076,1909f56bfc062723c751e8b465ee728b)  -> (artifact id: 'fe920176f4c5ce1c9a3a1bca6c60dab0') in 0.037971 seconds
Number of updated asset objects reloaded before import = 0
Number of asset objects unloaded after import = 2
========================================================================
Received Import Request.
  Time since last request: 0.000021 seconds.
  path: Assets/Resources/defrt/咆哮.gif
  artifactKey: Guid(fb387ce8d1fed914ba852c57790e3253) Importer(815301076,1909f56bfc062723c751e8b465ee728b)
Start importing Assets/Resources/defrt/咆哮.gif using Guid(fb387ce8d1fed914ba852c57790e3253) Importer(815301076,1909f56bfc062723c751e8b465ee728b)  -> (artifact id: 'd7cbcd89d7178f6427b55ddb2826e2a0') in 0.037965 seconds
Number of updated asset objects reloaded before import = 0
Number of asset objects unloaded after import = 2
========================================================================
Received Import Request.
  Time since last request: 0.000030 seconds.
  path: Assets/Resources/defrt/移動先２.png
  artifactKey: Guid(1533d70cafc43b04f99082cf00e43e98) Importer(815301076,1909f56bfc062723c751e8b465ee728b)
Start importing Assets/Resources/defrt/移動先２.png using Guid(1533d70cafc43b04f99082cf00e43e98) Importer(815301076,1909f56bfc062723c751e8b465ee728b)  -> (artifact id: '8394fead482383e8e7bb13ee8a78669c') in 0.028780 seconds
Number of updated asset objects reloaded before import = 0
Number of asset objects unloaded after import = 2
========================================================================
Received Import Request.
  Time since last request: 0.000021 seconds.
  path: Assets/Resources/defrt/無題639_20231225142223.png
  artifactKey: Guid(6714c2edceb006d48993e85c87843c4e) Importer(815301076,1909f56bfc062723c751e8b465ee728b)
Start importing Assets/Resources/defrt/無題639_20231225142223.png using Guid(6714c2edceb006d48993e85c87843c4e) Importer(815301076,1909f56bfc062723c751e8b465ee728b)  -> (artifact id: 'f13dcbefa6f1be04d01c4700ccc330a7') in 0.047201 seconds
Number of updated asset objects reloaded before import = 0
Number of asset objects unloaded after import = 2
========================================================================
Received Import Request.
  Time since last request: 0.000038 seconds.
  path: Assets/Resources/defrt/壁紙7.png
  artifactKey: Guid(137253442b3baa445b21026f50585f46) Importer(815301076,1909f56bfc062723c751e8b465ee728b)
Start importing Assets/Resources/defrt/壁紙7.png using Guid(137253442b3baa445b21026f50585f46) Importer(815301076,1909f56bfc062723c751e8b465ee728b)  -> (artifact id: '3dd6d97f660a733a607e5b507a2861c7') in 0.074250 seconds
Number of updated asset objects reloaded before import = 0
Number of asset objects unloaded after import = 2
========================================================================
Received Import Request.
  Time since last request: 0.000550 seconds.
  path: Assets/Resources/defrt/外見.png
  artifactKey: Guid(c05c5f29281957a4ba9834cb0404468a) Importer(815301076,1909f56bfc062723c751e8b465ee728b)
Start importing Assets/Resources/defrt/外見.png using Guid(c05c5f29281957a4ba9834cb0404468a) Importer(815301076,1909f56bfc062723c751e8b465ee728b)  -> (artifact id: '575f06adc6483ab7859d4088f8a93a96') in 0.053670 seconds
Number of updated asset objects reloaded before import = 0
Number of asset objects unloaded after import = 2
========================================================================
Received Import Request.
  Time since last request: 0.000023 seconds.
  path: Assets/Resources/defrt/7-3.png
  artifactKey: Guid(b3a5e3f1051e4aa4f83c09e8c15366fc) Importer(815301076,1909f56bfc062723c751e8b465ee728b)
Start importing Assets/Resources/defrt/7-3.png using Guid(b3a5e3f1051e4aa4f83c09e8c15366fc) Importer(815301076,1909f56bfc062723c751e8b465ee728b)  -> (artifact id: '02132d093f0f6f3ac0c39928cead360a') in 0.043025 seconds
Number of updated asset objects reloaded before import = 0
Number of asset objects unloaded after import = 2
========================================================================
Received Import Request.
  Time since last request: 0.000334 seconds.
  path: Assets/Resources/defrt/スタート画面2.png
  artifactKey: Guid(06a3a9db2ff53c74d971a80807d809b3) Importer(815301076,1909f56bfc062723c751e8b465ee728b)
Start importing Assets/Resources/defrt/スタート画面2.png using Guid(06a3a9db2ff53c74d971a80807d809b3) Importer(815301076,1909f56bfc062723c751e8b465ee728b)  -> (artifact id: 'bfcda1866fc9c20f5fad8e92fe633578') in 0.061591 seconds
Number of updated asset objects reloaded before import = 0
Number of asset objects unloaded after import = 2
========================================================================
Received Import Request.
  Time since last request: 0.000244 seconds.
  path: Assets/Resources/defrt/over.png
  artifactKey: Guid(7fb0aaca8cce8f047b76088d93cd4afd) Importer(815301076,1909f56bfc062723c751e8b465ee728b)
Start importing Assets/Resources/defrt/over.png using Guid(7fb0aaca8cce8f047b76088d93cd4afd) Importer(815301076,1909f56bfc062723c751e8b465ee728b)  -> (artifact id: '373d1ef3b37fa795738216f80dbff645') in 0.044920 seconds
Number of updated asset objects reloaded before import = 0
Number of asset objects unloaded after import = 2
========================================================================
Received Import Request.
  Time since last request: 0.000543 seconds.
  path: Assets/Resources/defrt/tk2.png
  artifactKey: Guid(39525a0ffd557ef45867e479fa12c27e) Importer(815301076,1909f56bfc062723c751e8b465ee728b)
Start importing Assets/Resources/defrt/tk2.png using Guid(39525a0ffd557ef45867e479fa12c27e) Importer(815301076,1909f56bfc062723c751e8b465ee728b)  -> (artifact id: 'c081501015102554a4cd5ba1ea1b4e9c') in 0.401796 seconds
Number of updated asset objects reloaded before import = 0
Number of asset objects unloaded after import = 2
========================================================================
Received Import Request.
  Time since last request: 0.000980 seconds.
  path: Assets/Resources/defrt/對馬.png
  artifactKey: Guid(f1516f219935f904e9738a40b6433d7c) Importer(815301076,1909f56bfc062723c751e8b465ee728b)
Start importing Assets/Resources/defrt/對馬.png using Guid(f1516f219935f904e9738a40b6433d7c) Importer(815301076,1909f56bfc062723c751e8b465ee728b)  -> (artifact id: '01aac710b8cc202c8bf79d21dc0ab8a6') in 0.057822 seconds
Number of updated asset objects reloaded before import = 0
Number of asset objects unloaded after import = 2
========================================================================
Received Import Request.
  Time since last request: 0.000018 seconds.
  path: Assets/Resources/defrt/S__57974828_0-removebg-preview.png
  artifactKey: Guid(b7c9c5c67ca12ac469379b97cb51527b) Importer(815301076,1909f56bfc062723c751e8b465ee728b)
Start importing Assets/Resources/defrt/S__57974828_0-removebg-preview.png using Guid(b7c9c5c67ca12ac469379b97cb51527b) Importer(815301076,1909f56bfc062723c751e8b465ee728b)  -> (artifact id: '9a905299eebaecfa9a28e4faab2378ca') in 0.040759 seconds
Number of updated asset objects reloaded before import = 0
Number of asset objects unloaded after import = 2
========================================================================
Received Import Request.
  Time since last request: 0.000029 seconds.
  path: Assets/Resources/defrt/→壁紙 1.png
  artifactKey: Guid(53ed22e7142fc5d4d87c13c8a0849dbb) Importer(815301076,1909f56bfc062723c751e8b465ee728b)
Start importing Assets/Resources/defrt/→壁紙 1.png using Guid(53ed22e7142fc5d4d87c13c8a0849dbb) Importer(815301076,1909f56bfc062723c751e8b465ee728b)  -> (artifact id: 'ca32de072bcb4a972829b704385d3f76') in 0.028244 seconds
Number of updated asset objects reloaded before import = 0
Number of asset objects unloaded after import = 2
========================================================================
Received Import Request.
  Time since last request: 0.000070 seconds.
  path: Assets/Resources/defrt/移動先２ 1.png
  artifactKey: Guid(03c9650550b0fb048b9b28a5ab102630) Importer(815301076,1909f56bfc062723c751e8b465ee728b)
Start importing Assets/Resources/defrt/移動先２ 1.png using Guid(03c9650550b0fb048b9b28a5ab102630) Importer(815301076,1909f56bfc062723c751e8b465ee728b)  -> (artifact id: '710337cdf5fe244a43b7e57ab13be972') in 0.021931 seconds
Number of updated asset objects reloaded before import = 0
Number of asset objects unloaded after import = 2
========================================================================
Received Import Request.
  Time since last request: 0.000026 seconds.
  path: Assets/Resources/defrt/移動先１.png
  artifactKey: Guid(84a1529e6a433974dba4d3dd38b2ae20) Importer(815301076,1909f56bfc062723c751e8b465ee728b)
Start importing Assets/Resources/defrt/移動先１.png using Guid(84a1529e6a433974dba4d3dd38b2ae20) Importer(815301076,1909f56bfc062723c751e8b465ee728b)  -> (artifact id: 'a66fbd272433026c9a37d258c8cdd737') in 0.044031 seconds
Number of updated asset objects reloaded before import = 0
Number of asset objects unloaded after import = 2
========================================================================
Received Import Request.
  Time since last request: 0.000180 seconds.
  path: Assets/Resources/defrt/対馬の部屋.png
  artifactKey: Guid(0c77aedd899dc2347bd128dd0bfd0def) Importer(815301076,1909f56bfc062723c751e8b465ee728b)
Start importing Assets/Resources/defrt/対馬の部屋.png using Guid(0c77aedd899dc2347bd128dd0bfd0def) Importer(815301076,1909f56bfc062723c751e8b465ee728b)  -> (artifact id: '6247e0102fd7a1e61e6ad7d17d67a47f') in 0.079683 seconds
Number of updated asset objects reloaded before import = 0
Number of asset objects unloaded after import = 2
========================================================================
Received Import Request.
  Time since last request: 2.230445 seconds.
  path: Assets/Resources/Materials/入口謎解き4.mat
  artifactKey: Guid(6426dea6d815e734889e8826818223a4) Importer(815301076,1909f56bfc062723c751e8b465ee728b)
Start importing Assets/Resources/Materials/入口謎解き4.mat using Guid(6426dea6d815e734889e8826818223a4) Importer(815301076,1909f56bfc062723c751e8b465ee728b)  -> (artifact id: '978beadb36db45fa4dca37f377eb3591') in 0.176368 seconds
Number of updated asset objects reloaded before import = 0
Number of asset objects unloaded after import = 2
========================================================================
Received Import Request.
  Time since last request: 0.000020 seconds.
  path: Assets/Resources/Materials/對馬.mat
  artifactKey: Guid(1084bfc95ad04624bb1d6df0f431d3cc) Importer(815301076,1909f56bfc062723c751e8b465ee728b)
Start importing Assets/Resources/Materials/對馬.mat using Guid(1084bfc95ad04624bb1d6df0f431d3cc) Importer(815301076,1909f56bfc062723c751e8b465ee728b)  -> (artifact id: '83b799ec2a081cd3692ca059bf9d5bd7') in 0.017396 seconds
Number of updated asset objects reloaded before import = 0
Number of asset objects unloaded after import = 2
========================================================================
Received Import Request.
  Time since last request: 0.000039 seconds.
  path: Assets/Resources/Materials/移動先１.mat
  artifactKey: Guid(524f720139c3cf140a82074b3c0c2d88) Importer(815301076,1909f56bfc062723c751e8b465ee728b)
Start importing Assets/Resources/Materials/移動先１.mat using Guid(524f720139c3cf140a82074b3c0c2d88) Importer(815301076,1909f56bfc062723c751e8b465ee728b)  -> (artifact id: '660b2164a5a4fc358feb57ed50150615') in 0.016666 seconds
Number of updated asset objects reloaded before import = 0
Number of asset objects unloaded after import = 2
========================================================================
Received Import Request.
  Time since last request: 0.000018 seconds.
  path: Assets/Resources/Materials/鍵.mat
  artifactKey: Guid(5204f7772b2b65e40856466d194067e6) Importer(815301076,1909f56bfc062723c751e8b465ee728b)
Start importing Assets/Resources/Materials/鍵.mat using Guid(5204f7772b2b65e40856466d194067e6) Importer(815301076,1909f56bfc062723c751e8b465ee728b)  -> (artifact id: '09c9acbe3d5e0e9de020df1351818a20') in 0.028340 seconds
Number of updated asset objects reloaded before import = 0
Number of asset objects unloaded after import = 2
========================================================================
Received Import Request.
  Time since last request: 0.000017 seconds.
  path: Assets/Resources/Materials/頭蓋骨 1.mat
  artifactKey: Guid(f81300228db7cdc4d9ecda61e438741a) Importer(815301076,1909f56bfc062723c751e8b465ee728b)
Start importing Assets/Resources/Materials/頭蓋骨 1.mat using Guid(f81300228db7cdc4d9ecda61e438741a) Importer(815301076,1909f56bfc062723c751e8b465ee728b)  -> (artifact id: '7a46ac00ff7dbb845d2c6d96db0e3040') in 0.062051 seconds
Number of updated asset objects reloaded before import = 0
Number of asset objects unloaded after import = 2
========================================================================
Received Import Request.
  Time since last request: 0.000025 seconds.
  path: Assets/Resources/Materials/頭蓋骨.mat
  artifactKey: Guid(56181ca177890ed4fb5ef95860015f31) Importer(815301076,1909f56bfc062723c751e8b465ee728b)
Start importing Assets/Resources/Materials/頭蓋骨.mat using Guid(56181ca177890ed4fb5ef95860015f31) Importer(815301076,1909f56bfc062723c751e8b465ee728b)  -> (artifact id: 'd85e764b60175bcc4c7a5ae63f4cf298') in 0.020222 seconds
Number of updated asset objects reloaded before import = 0
Number of asset objects unloaded after import = 2
========================================================================
Received Import Request.
  Time since last request: 0.000023 seconds.
  path: Assets/Resources/Materials/説明2.mat
  artifactKey: Guid(f8b9540e1323bd94eb76bc03b9f5d834) Importer(815301076,1909f56bfc062723c751e8b465ee728b)
Start importing Assets/Resources/Materials/説明2.mat using Guid(f8b9540e1323bd94eb76bc03b9f5d834) Importer(815301076,1909f56bfc062723c751e8b465ee728b)  -> (artifact id: '00d3b88adeddb805ffc8d6c6d055eec1') in 0.033410 seconds
Number of updated asset objects reloaded before import = 0
Number of asset objects unloaded after import = 2
========================================================================
Received Import Request.
  Time since last request: 0.000017 seconds.
  path: Assets/Resources/Materials/扉.mat
  artifactKey: Guid(2a4a151d1117b204382c4785c9a463f1) Importer(815301076,1909f56bfc062723c751e8b465ee728b)
Start importing Assets/Resources/Materials/扉.mat using Guid(2a4a151d1117b204382c4785c9a463f1) Importer(815301076,1909f56bfc062723c751e8b465ee728b)  -> (artifact id: 'd6d0469ff80322553aaac8fb511f344d') in 0.018597 seconds
Number of updated asset objects reloaded before import = 0
Number of asset objects unloaded after import = 2
========================================================================
Received Import Request.
  Time since last request: 0.000022 seconds.
  path: Assets/Resources/Materials/壁紙4.mat
  artifactKey: Guid(7187b26f44b62b64fb8ba13f413c03a5) Importer(815301076,1909f56bfc062723c751e8b465ee728b)
Start importing Assets/Resources/Materials/壁紙4.mat using Guid(7187b26f44b62b64fb8ba13f413c03a5) Importer(815301076,1909f56bfc062723c751e8b465ee728b)  -> (artifact id: '3a01c5892ba0518fda37d4c81b1c9fc2') in 0.021778 seconds
Number of updated asset objects reloaded before import = 0
Number of asset objects unloaded after import = 1
========================================================================
Received Import Request.
  Time since last request: 0.000042 seconds.
  path: Assets/Resources/Materials/移動先２.mat
  artifactKey: Guid(ef3522a0fd50f084ebbd81bfb618a65b) Importer(815301076,1909f56bfc062723c751e8b465ee728b)
Start importing Assets/Resources/Materials/移動先２.mat using Guid(ef3522a0fd50f084ebbd81bfb618a65b) Importer(815301076,1909f56bfc062723c751e8b465ee728b)  -> (artifact id: '1b831eef279c8f16684450974efb68f3') in 0.034284 seconds
Number of updated asset objects reloaded before import = 0
Number of asset objects unloaded after import = 2
========================================================================
Received Import Request.
  Time since last request: 0.000286 seconds.
  path: Assets/Resources/Materials/透明.mat
  artifactKey: Guid(6cf5755733b3f3640810a03de11a81a3) Importer(815301076,1909f56bfc062723c751e8b465ee728b)
Start importing Assets/Resources/Materials/透明.mat using Guid(6cf5755733b3f3640810a03de11a81a3) Importer(815301076,1909f56bfc062723c751e8b465ee728b)  -> (artifact id: '9544c61ba5061f51b208b627dac23e6c') in 1.610553 seconds
Number of updated asset objects reloaded before import = 0
Number of asset objects unloaded after import = 2
========================================================================
Received Import Request.
  Time since last request: 25.075185 seconds.
  path: Assets/Resources/defrt/透明.png
  artifactKey: Guid(4019d18e7522e0b49a2b0199a67e98e3) Importer(815301076,1909f56bfc062723c751e8b465ee728b)
Start importing Assets/Resources/defrt/透明.png using Guid(4019d18e7522e0b49a2b0199a67e98e3) Importer(815301076,1909f56bfc062723c751e8b465ee728b)  -> (artifact id: 'a8f725f89378dd8b2f84d7437c19e31d') in 0.021186 seconds
Number of updated asset objects reloaded before import = 0
Number of asset objects unloaded after import = 2
========================================================================
Received Import Request.
  Time since last request: 0.000018 seconds.
  path: Assets/Resources/defrt/頭蓋骨.jpg
  artifactKey: Guid(4e82cfed7cd7ba542a99127489b56b92) Importer(815301076,1909f56bfc062723c751e8b465ee728b)
Start importing Assets/Resources/defrt/頭蓋骨.jpg using Guid(4e82cfed7cd7ba542a99127489b56b92) Importer(815301076,1909f56bfc062723c751e8b465ee728b)  -> (artifact id: 'b8a1721aa91b9db72d021ecd5298067a') in 0.032410 seconds
Number of updated asset objects reloaded before import = 0
Number of asset objects unloaded after import = 2
========================================================================
Received Import Request.
  Time since last request: 0.000030 seconds.
  path: Assets/Resources/defrt/透過した森田.png
  artifactKey: Guid(878102cf788baff4da450b5433246999) Importer(815301076,1909f56bfc062723c751e8b465ee728b)
Start importing Assets/Resources/defrt/透過した森田.png using Guid(878102cf788baff4da450b5433246999) Importer(815301076,1909f56bfc062723c751e8b465ee728b)  -> (artifact id: '8655bcaf3122a50ad09e32f8ba699bff') in 0.051568 seconds
Number of updated asset objects reloaded before import = 0
Number of asset objects unloaded after import = 2
========================================================================
Received Import Request.
  Time since last request: 0.006998 seconds.
  path: Assets/Resources/defrt/髙塚の部屋.png
  artifactKey: Guid(0d811456b4d85834fba0cd0f405e653e) Importer(815301076,1909f56bfc062723c751e8b465ee728b)
Start importing Assets/Resources/defrt/髙塚の部屋.png using Guid(0d811456b4d85834fba0cd0f405e653e) Importer(815301076,1909f56bfc062723c751e8b465ee728b)  -> (artifact id: '746d79503d87ab8abf9e9d8f786a7ee5') in 0.118363 seconds
Number of updated asset objects reloaded before import = 0
Number of asset objects unloaded after import = 2
========================================================================
Received Import Request.
  Time since last request: 16.629476 seconds.
  path: Assets/Resources/sprit/T-rex.jpg
  artifactKey: Guid(5747402ddb97a964c9f07e059d6021cd) Importer(815301076,1909f56bfc062723c751e8b465ee728b)
Start importing Assets/Resources/sprit/T-rex.jpg using Guid(5747402ddb97a964c9f07e059d6021cd) Importer(815301076,1909f56bfc062723c751e8b465ee728b)  -> (artifact id: '86648e576b2afe9b8394907327fc4128') in 0.046623 seconds
Number of updated asset objects reloaded before import = 0
Number of asset objects unloaded after import = 3
========================================================================
Received Import Request.
  Time since last request: 0.000013 seconds.
  path: Assets/Resources/sprit/ミニゲームクリア.png
  artifactKey: Guid(09170f7b5dfc55340911af9fd772e24b) Importer(815301076,1909f56bfc062723c751e8b465ee728b)
Start importing Assets/Resources/sprit/ミニゲームクリア.png using Guid(09170f7b5dfc55340911af9fd772e24b) Importer(815301076,1909f56bfc062723c751e8b465ee728b)  -> (artifact id: '0e4282ee0f8344bb15bbaed237ef0f84') in 0.053037 seconds
Number of updated asset objects reloaded before import = 0
Number of asset objects unloaded after import = 3
========================================================================
Received Import Request.
  Time since last request: 0.000018 seconds.
  path: Assets/Resources/sprit/屋―ミニゲーム.png
  artifactKey: Guid(262e22b2c550edb42be5ef336c278c32) Importer(815301076,1909f56bfc062723c751e8b465ee728b)
Start importing Assets/Resources/sprit/屋―ミニゲーム.png using Guid(262e22b2c550edb42be5ef336c278c32) Importer(815301076,1909f56bfc062723c751e8b465ee728b)  -> (artifact id: '1d3a4fc491b542581a72b11d92f6f9a2') in 0.166866 seconds
Number of updated asset objects reloaded before import = 0
Number of asset objects unloaded after import = 3
========================================================================
Received Import Request.
  Time since last request: 0.000027 seconds.
  path: Assets/Resources/sprit/持ち手.png
  artifactKey: Guid(c1ade2e71c314ee42a05ec5f5b307f5c) Importer(815301076,1909f56bfc062723c751e8b465ee728b)
Start importing Assets/Resources/sprit/持ち手.png using Guid(c1ade2e71c314ee42a05ec5f5b307f5c) Importer(815301076,1909f56bfc062723c751e8b465ee728b)  -> (artifact id: '071c5299ab5374f8d7fbfd3a9d02bcf8') in 0.130661 seconds
Number of updated asset objects reloaded before import = 0
Number of asset objects unloaded after import = 3
========================================================================
Received Import Request.
  Time since last request: 0.003224 seconds.
  path: Assets/Resources/sprit/シェルターのカギ.png
  artifactKey: Guid(341c909430835824b9d16dae17d95ab7) Importer(815301076,1909f56bfc062723c751e8b465ee728b)
Start importing Assets/Resources/sprit/シェルターのカギ.png using Guid(341c909430835824b9d16dae17d95ab7) Importer(815301076,1909f56bfc062723c751e8b465ee728b)  -> (artifact id: 'e82c0d903eeb395b5a9a2d81575c2034') in 0.122962 seconds
Number of updated asset objects reloaded before import = 0
Number of asset objects unloaded after import = 3
========================================================================
Received Import Request.
  Time since last request: 0.000018 seconds.
  path: Assets/Resources/sprit/伝言の紙.png
  artifactKey: Guid(4ba4a05cca3320345849b9e640587ce0) Importer(815301076,1909f56bfc062723c751e8b465ee728b)
Start importing Assets/Resources/sprit/伝言の紙.png using Guid(4ba4a05cca3320345849b9e640587ce0) Importer(815301076,1909f56bfc062723c751e8b465ee728b)  -> (artifact id: '20eaf7b75d5bf901106b120c689e90cd') in 0.099103 seconds
Number of updated asset objects reloaded before import = 0
Number of asset objects unloaded after import = 3
========================================================================
Received Import Request.
  Time since last request: 0.000648 seconds.
  path: Assets/Resources/sprit/takahasi.png
  artifactKey: Guid(07cf3ac28aac97940bb9e9e363985aa8) Importer(815301076,1909f56bfc062723c751e8b465ee728b)
Start importing Assets/Resources/sprit/takahasi.png using Guid(07cf3ac28aac97940bb9e9e363985aa8) Importer(815301076,1909f56bfc062723c751e8b465ee728b)  -> (artifact id: '641ac8bb86c16ef7c97338c2d0a92d53') in 0.115078 seconds
Number of updated asset objects reloaded before import = 0
Number of asset objects unloaded after import = 3
