Using pre-set license
Built from '2022.3/staging' branch; Version is '2022.3.13f1 (5f90a5ebde0f) revision 6262949'; Using compiler version '192829333'; Build Type 'Release'
OS: 'Windows 10  (10.0.17763) 64bit EnterpriseS' Language: 'ja' Physical Memory: 8033 MB
BatchMode: 1, IsHumanControllingUs: 0, StartBugReporterOnCrash: 0, Is64bit: 1, IsPro: 1

COMMAND LINE ARGUMENTS:
C:\Program Files\2022.3.13f1\Editor\Unity.exe
-adb2
-batchMode
-noUpm
-name
AssetImportWorker0
-projectPath
U:/tet/実物/unity/New Goodbye
-logFile
Logs/AssetImportWorker0.log
-srvPort
50693
Successfully changed project path to: U:/tet/実物/unity/New Goodbye
U:/tet/実物/unity/New Goodbye
[UnityMemory] Configuration Parameters - Can be set up in boot.config
    "memorysetup-bucket-allocator-granularity=16"
    "memorysetup-bucket-allocator-bucket-count=8"
    "memorysetup-bucket-allocator-block-size=33554432"
    "memorysetup-bucket-allocator-block-count=8"
    "memorysetup-main-allocator-block-size=16777216"
    "memorysetup-thread-allocator-block-size=16777216"
    "memorysetup-gfx-main-allocator-block-size=16777216"
    "memorysetup-gfx-thread-allocator-block-size=16777216"
    "memorysetup-cache-allocator-block-size=4194304"
    "memorysetup-typetree-allocator-block-size=2097152"
    "memorysetup-profiler-bucket-allocator-granularity=16"
    "memorysetup-profiler-bucket-allocator-bucket-count=8"
    "memorysetup-profiler-bucket-allocator-block-size=33554432"
    "memorysetup-profiler-bucket-allocator-block-count=8"
    "memorysetup-profiler-allocator-block-size=16777216"
    "memorysetup-profiler-editor-allocator-block-size=1048576"
    "memorysetup-temp-allocator-size-main=16777216"
    "memorysetup-job-temp-allocator-block-size=2097152"
    "memorysetup-job-temp-allocator-block-size-background=1048576"
    "memorysetup-job-temp-allocator-reduction-small-platforms=262144"
    "memorysetup-allocator-temp-initial-block-size-main=262144"
    "memorysetup-allocator-temp-initial-block-size-worker=262144"
    "memorysetup-temp-allocator-size-background-worker=32768"
    "memorysetup-temp-allocator-size-job-worker=262144"
    "memorysetup-temp-allocator-size-preload-manager=33554432"
    "memorysetup-temp-allocator-size-nav-mesh-worker=65536"
    "memorysetup-temp-allocator-size-audio-worker=65536"
    "memorysetup-temp-allocator-size-cloud-worker=32768"
    "memorysetup-temp-allocator-size-gi-baking-worker=262144"
    "memorysetup-temp-allocator-size-gfx=262144"
Player connection [5520] Host "[IP] 10.138.181.5 [Port] 0 [Flags] 2 [Guid] 2810420287 [EditorId] 2810420287 [Version] 1048832 [Id] WindowsEditor(7,NETCL05) [Debug] 1 [PackageName] WindowsEditor [ProjectName] Editor" joined multi-casting on [225.0.0.222:54997]...

Player connection [5520] Host "[IP] 10.138.181.5 [Port] 0 [Flags] 2 [Guid] 2810420287 [EditorId] 2810420287 [Version] 1048832 [Id] WindowsEditor(7,NETCL05) [Debug] 1 [PackageName] WindowsEditor [ProjectName] Editor" joined alternative multi-casting on [225.0.0.222:34997]...

[Physics::Module] Initialized MultithreadedJobDispatcher with 5 workers.
Refreshing native plugins compatible for Editor in 351.88 ms, found 3 plugins.
Preloading 0 native plugins for Editor in 0.00 ms.
Initialize engine version: 2022.3.13f1 (5f90a5ebde0f)
[Subsystems] Discovering subsystems at path C:/Program Files/2022.3.13f1/Editor/Data/Resources/UnitySubsystems
[Subsystems] Discovering subsystems at path U:/tet/実物/unity/New Goodbye/Assets
GfxDevice: creating device client; threaded=0; jobified=0
Direct3D:
    Version:  Direct3D 11.0 [level 11.1]
    Renderer: AMD Radeon RX 550 (ID=0x699f)
    Vendor:   ATI
    VRAM:     1994 MB
    Driver:   25.20.14003.2000
Initialize mono
Mono path[0] = 'C:/Program Files/2022.3.13f1/Editor/Data/Managed'
Mono path[1] = 'C:/Program Files/2022.3.13f1/Editor/Data/MonoBleedingEdge/lib/mono/unityjit-win32'
Mono config path = 'C:/Program Files/2022.3.13f1/Editor/Data/MonoBleedingEdge/etc'
Using monoOptions --debugger-agent=transport=dt_socket,embedding=1,server=y,suspend=n,address=127.0.0.1:56976
Begin MonoManager ReloadAssembly
Registering precompiled unity dll's ...
Register platform support module: C:/Program Files/2022.3.13f1/Editor/Data/PlaybackEngines/WebGLSupport/UnityEditor.WebGL.Extensions.dll
Register platform support module: C:/Program Files/2022.3.13f1/Editor/Data/PlaybackEngines/WindowsStandaloneSupport/UnityEditor.WindowsStandalone.Extensions.dll
Registered in 0.014688 seconds.
- Loaded All Assemblies, in  0.433 seconds
Native extension for WindowsStandalone target not found
Native extension for WebGL target not found
Mono: successfully reloaded assembly
- Finished resetting the current domain, in  0.280 seconds
Domain Reload Profiling: 712ms
	BeginReloadAssembly (158ms)
		ExecutionOrderSort (0ms)
		DisableScriptedObjects (0ms)
		BackupInstance (0ms)
		ReleaseScriptingObjects (0ms)
		CreateAndSetChildDomain (1ms)
	RebuildCommonClasses (36ms)
	RebuildNativeTypeToScriptingClass (11ms)
	initialDomainReloadingComplete (71ms)
	LoadAllAssembliesAndSetupDomain (154ms)
		LoadAssemblies (157ms)
		RebuildTransferFunctionScriptingTraits (0ms)
		AnalyzeDomain (151ms)
			TypeCache.Refresh (149ms)
				TypeCache.ScanAssembly (133ms)
			ScanForSourceGeneratedMonoScriptInfo (1ms)
			ResolveRequiredComponents (1ms)
	FinalizeReload (281ms)
		ReleaseScriptCaches (0ms)
		RebuildScriptCaches (0ms)
		SetupLoadedEditorAssemblies (215ms)
			LogAssemblyErrors (0ms)
			InitializePlatformSupportModulesInManaged (10ms)
			SetLoadedEditorAssemblies (6ms)
			RefreshPlugins (0ms)
			BeforeProcessingInitializeOnLoad (3ms)
			ProcessInitializeOnLoadAttributes (139ms)
			ProcessInitializeOnLoadMethodAttributes (57ms)
			AfterProcessingInitializeOnLoad (0ms)
			EditorAssembliesLoaded (0ms)
		ExecutionOrderSort2 (0ms)
		AwakeInstancesAfterBackupRestoration (0ms)
========================================================================
Worker process is ready to serve import requests
Begin MonoManager ReloadAssembly
- Loaded All Assemblies, in  1.483 seconds
Refreshing native plugins compatible for Editor in 33.65 ms, found 3 plugins.
Native extension for WindowsStandalone target not found
Native extension for WebGL target not found
Package Manager log level set to [2]
[Package Manager] Server::EnsureServerProcessIsRunning -- launch failed, reason: Unity was launched with the -noUpm command-line argument
[Package Manager] UpmClient::Send -- Unable to send message (not connected to UPM process).
[Package Manager] Cannot connect to Unity Package Manager local server
Mono: successfully reloaded assembly
- Finished resetting the current domain, in  0.749 seconds
Domain Reload Profiling: 2211ms
	BeginReloadAssembly (192ms)
		ExecutionOrderSort (0ms)
		DisableScriptedObjects (6ms)
		BackupInstance (0ms)
		ReleaseScriptingObjects (0ms)
		CreateAndSetChildDomain (26ms)
	RebuildCommonClasses (35ms)
	RebuildNativeTypeToScriptingClass (11ms)
	initialDomainReloadingComplete (69ms)
	LoadAllAssembliesAndSetupDomain (1155ms)
		LoadAssemblies (1092ms)
		RebuildTransferFunctionScriptingTraits (0ms)
		AnalyzeDomain (185ms)
			TypeCache.Refresh (163ms)
				TypeCache.ScanAssembly (145ms)
			ScanForSourceGeneratedMonoScriptInfo (15ms)
			ResolveRequiredComponents (5ms)
	FinalizeReload (750ms)
		ReleaseScriptCaches (0ms)
		RebuildScriptCaches (0ms)
		SetupLoadedEditorAssemblies (595ms)
			LogAssemblyErrors (0ms)
			InitializePlatformSupportModulesInManaged (7ms)
			SetLoadedEditorAssemblies (4ms)
			RefreshPlugins (0ms)
			BeforeProcessingInitializeOnLoad (93ms)
			ProcessInitializeOnLoadAttributes (459ms)
			ProcessInitializeOnLoadMethodAttributes (23ms)
			AfterProcessingInitializeOnLoad (7ms)
			EditorAssembliesLoaded (0ms)
		ExecutionOrderSort2 (0ms)
		AwakeInstancesAfterBackupRestoration (6ms)
Launched and connected shader compiler UnityShaderCompiler.exe after 0.08 seconds
Refreshing native plugins compatible for Editor in 29.84 ms, found 3 plugins.
Preloading 0 native plugins for Editor in 0.00 ms.
Unloading 3151 Unused Serialized files (Serialized files now loaded: 0)
Unloading 32 unused Assets / (56.8 KB). Loaded Objects now: 3613.
Memory consumption went from 127.5 MB to 127.5 MB.
Total: 3.415400 ms (FindLiveObjects: 0.299300 ms CreateObjectMapping: 0.396500 ms MarkObjects: 2.580100 ms  DeleteObjects: 0.137700 ms)

AssetImportParameters requested are different than current active one (requested -> active):
  custom:container-demuxer-ogg: 62fdf1f143b41e24485cea50d1cbac27 -> 
  custom:video-decoder-ogg-theora: a1e56fd34408186e4bbccfd4996cb3dc -> 
  custom:framework-win-MediaFoundation: 216162199b28c13a410421893ffa2e32 -> 
  custom:container-demuxer-webm: 4f35f7cbe854078d1ac9338744f61a02 -> 
  custom:container-muxer-webm: aa71ff27fc2769a1b78a27578f13a17b -> 
  custom:video-decoder-webm-vp8: 9c59270c3fd7afecdb556c50c9e8de78 -> 
  custom:AudioImporter_EditorPlatform: d09bf68614088b80899f8185d706f6e7 -> 
  custom:video-encoder-webm-vp8: eb34c28f22e8b96e1ab97ce403110664 -> 
  custom:audio-decoder-ogg-vorbis: bf7c407c2cedff20999df2af8eb42d56 -> 
  custom:audio-encoder-webm-vorbis: bf7c407c2cedff20999df2af8eb42d56 -> 
========================================================================
Received Import Request.
  Time since last request: 2394.466194 seconds.
  path: Assets/Resources/Materials/1F.mat
  artifactKey: Guid(c2eeab809c418284d90ddc4e1bd25af1) Importer(815301076,1909f56bfc062723c751e8b465ee728b)
Start importing Assets/Resources/Materials/1F.mat using Guid(c2eeab809c418284d90ddc4e1bd25af1) Importer(815301076,1909f56bfc062723c751e8b465ee728b)  -> (artifact id: '5be586ffa584087eed0875db4b4c18c4') in 0.391668 seconds
Number of updated asset objects reloaded before import = 0
Number of asset objects unloaded after import = 2
========================================================================
Received Import Request.
  Time since last request: 0.000025 seconds.
  path: Assets/Resources/Materials/ゲームオーバーティラノ(仮).mat
  artifactKey: Guid(f78eab0f7526eeb40a7707520b2961e8) Importer(815301076,1909f56bfc062723c751e8b465ee728b)
Start importing Assets/Resources/Materials/ゲームオーバーティラノ(仮).mat using Guid(f78eab0f7526eeb40a7707520b2961e8) Importer(815301076,1909f56bfc062723c751e8b465ee728b)  -> (artifact id: 'cba983e9e193adf84cc0a69be498b59e') in 0.034845 seconds
Number of updated asset objects reloaded before import = 0
Number of asset objects unloaded after import = 2
========================================================================
Received Import Request.
  Time since last request: 0.000014 seconds.
  path: Assets/Resources/Materials/thirano 1.mat
  artifactKey: Guid(ed11a08f7f629d44d863f222c50da922) Importer(815301076,1909f56bfc062723c751e8b465ee728b)
Start importing Assets/Resources/Materials/thirano 1.mat using Guid(ed11a08f7f629d44d863f222c50da922) Importer(815301076,1909f56bfc062723c751e8b465ee728b)  -> (artifact id: '20128a9a05fc726bf9fdef679fc564d8') in 0.015113 seconds
Number of updated asset objects reloaded before import = 0
Number of asset objects unloaded after import = 2
========================================================================
Received Import Request.
  Time since last request: 0.000021 seconds.
  path: Assets/Resources/Materials/eee.mat
  artifactKey: Guid(8d5755711a5862a41ac4cc2c53f05034) Importer(815301076,1909f56bfc062723c751e8b465ee728b)
Start importing Assets/Resources/Materials/eee.mat using Guid(8d5755711a5862a41ac4cc2c53f05034) Importer(815301076,1909f56bfc062723c751e8b465ee728b)  -> (artifact id: 'b30b7248fbf437d1e3ed46f0bd532ace') in 0.024429 seconds
Number of updated asset objects reloaded before import = 0
Number of asset objects unloaded after import = 3
========================================================================
Received Import Request.
  Time since last request: 0.000013 seconds.
  path: Assets/Resources/Materials/クラス２.mat
  artifactKey: Guid(c4b64dc3bcb74484e83dcd578c86fcec) Importer(815301076,1909f56bfc062723c751e8b465ee728b)
Start importing Assets/Resources/Materials/クラス２.mat using Guid(c4b64dc3bcb74484e83dcd578c86fcec) Importer(815301076,1909f56bfc062723c751e8b465ee728b)  -> (artifact id: 'c9514390b936a5e527b20c904323e899') in 0.023886 seconds
Number of updated asset objects reloaded before import = 0
Number of asset objects unloaded after import = 2
========================================================================
Received Import Request.
  Time since last request: 0.000015 seconds.
  path: Assets/Resources/Materials/シルエットティラノ.mat
  artifactKey: Guid(729ce367c55535e469e08ad88451eeab) Importer(815301076,1909f56bfc062723c751e8b465ee728b)
Start importing Assets/Resources/Materials/シルエットティラノ.mat using Guid(729ce367c55535e469e08ad88451eeab) Importer(815301076,1909f56bfc062723c751e8b465ee728b)  -> (artifact id: '5d161eacda764c7c54dbbe6bfa75d476') in 0.024774 seconds
Number of updated asset objects reloaded before import = 0
Number of asset objects unloaded after import = 2
========================================================================
Received Import Request.
  Time since last request: 0.000024 seconds.
  path: Assets/Resources/Materials/シェルター.mat
  artifactKey: Guid(733a4bc7af48ef749b80186a58c95e83) Importer(815301076,1909f56bfc062723c751e8b465ee728b)
Start importing Assets/Resources/Materials/シェルター.mat using Guid(733a4bc7af48ef749b80186a58c95e83) Importer(815301076,1909f56bfc062723c751e8b465ee728b)  -> (artifact id: '7f9f416ccafc06c085bfcdb835dbe4b8') in 0.017230 seconds
Number of updated asset objects reloaded before import = 0
Number of asset objects unloaded after import = 2
========================================================================
Received Import Request.
  Time since last request: 0.000014 seconds.
  path: Assets/Resources/Materials/こくばん.mat
  artifactKey: Guid(4474b7673b37b3b498c436e3860d0616) Importer(815301076,1909f56bfc062723c751e8b465ee728b)
Start importing Assets/Resources/Materials/こくばん.mat using Guid(4474b7673b37b3b498c436e3860d0616) Importer(815301076,1909f56bfc062723c751e8b465ee728b)  -> (artifact id: '949049ddfbda837e0be3a996eeabf808') in 0.019620 seconds
Number of updated asset objects reloaded before import = 0
Number of asset objects unloaded after import = 2
========================================================================
Received Import Request.
  Time since last request: 0.000015 seconds.
  path: Assets/Resources/Materials/S__57974827_0-removebg-preview.mat
  artifactKey: Guid(9a532d525befd6d43b5ab175bd5afe7b) Importer(815301076,1909f56bfc062723c751e8b465ee728b)
Start importing Assets/Resources/Materials/S__57974827_0-removebg-preview.mat using Guid(9a532d525befd6d43b5ab175bd5afe7b) Importer(815301076,1909f56bfc062723c751e8b465ee728b)  -> (artifact id: '3c124496f77a5263215c5987c4f0eb2a') in 0.028494 seconds
Number of updated asset objects reloaded before import = 0
Number of asset objects unloaded after import = 2
========================================================================
Received Import Request.
  Time since last request: 0.000016 seconds.
  path: Assets/Resources/Materials/アボンアルファ.mat
  artifactKey: Guid(634ca13432c283d46a4b2c7aacbb9473) Importer(815301076,1909f56bfc062723c751e8b465ee728b)
Start importing Assets/Resources/Materials/アボンアルファ.mat using Guid(634ca13432c283d46a4b2c7aacbb9473) Importer(815301076,1909f56bfc062723c751e8b465ee728b)  -> (artifact id: '81ca06226e9ac4fae25e5878724606c1') in 0.042415 seconds
Number of updated asset objects reloaded before import = 0
Number of asset objects unloaded after import = 2
========================================================================
Received Import Request.
  Time since last request: 0.000018 seconds.
  path: Assets/Resources/Materials/tai0.mat
  artifactKey: Guid(69719dfb1e06c4947a1066150ab23bdb) Importer(815301076,1909f56bfc062723c751e8b465ee728b)
Start importing Assets/Resources/Materials/tai0.mat using Guid(69719dfb1e06c4947a1066150ab23bdb) Importer(815301076,1909f56bfc062723c751e8b465ee728b)  -> (artifact id: '15401a134b931634f7022930380c71c3') in 0.021144 seconds
Number of updated asset objects reloaded before import = 0
Number of asset objects unloaded after import = 2
========================================================================
Received Import Request.
  Time since last request: 0.000024 seconds.
  path: Assets/Resources/Materials/テスト用.mat
  artifactKey: Guid(b15a6676221f60244a0e410ee2827ec1) Importer(815301076,1909f56bfc062723c751e8b465ee728b)
Start importing Assets/Resources/Materials/テスト用.mat using Guid(b15a6676221f60244a0e410ee2827ec1) Importer(815301076,1909f56bfc062723c751e8b465ee728b)  -> (artifact id: 'fcbe37b6571ccbd4818af2bf5fa39b0f') in 0.027446 seconds
Number of updated asset objects reloaded before import = 0
Number of asset objects unloaded after import = 2
========================================================================
Received Import Request.
  Time since last request: 0.000017 seconds.
  path: Assets/Resources/Materials/new.mat
  artifactKey: Guid(f0cdbf0444af055428ed7c0ad4b17478) Importer(815301076,1909f56bfc062723c751e8b465ee728b)
Start importing Assets/Resources/Materials/new.mat using Guid(f0cdbf0444af055428ed7c0ad4b17478) Importer(815301076,1909f56bfc062723c751e8b465ee728b)  -> (artifact id: '7ca45761954e5575dde6daef4d7cbd8c') in 0.016431 seconds
Number of updated asset objects reloaded before import = 0
Number of asset objects unloaded after import = 1
========================================================================
Received Import Request.
  Time since last request: 0.000014 seconds.
  path: Assets/Resources/Materials/gousei.mat
  artifactKey: Guid(76800c3613d6a994e9718a6411f2f262) Importer(815301076,1909f56bfc062723c751e8b465ee728b)
Start importing Assets/Resources/Materials/gousei.mat using Guid(76800c3613d6a994e9718a6411f2f262) Importer(815301076,1909f56bfc062723c751e8b465ee728b)  -> (artifact id: '73f804e947723aa83c577b985a323572') in 0.015435 seconds
Number of updated asset objects reloaded before import = 0
Number of asset objects unloaded after import = 1
========================================================================
Received Import Request.
  Time since last request: 0.000019 seconds.
  path: Assets/Resources/Materials/エレベーター２.mat
  artifactKey: Guid(7e0b51a965a7b2b4fac43eede8faef88) Importer(815301076,1909f56bfc062723c751e8b465ee728b)
Start importing Assets/Resources/Materials/エレベーター２.mat using Guid(7e0b51a965a7b2b4fac43eede8faef88) Importer(815301076,1909f56bfc062723c751e8b465ee728b)  -> (artifact id: '7f2819a1af5926ce3479898d886b07ce') in 0.035601 seconds
Number of updated asset objects reloaded before import = 0
Number of asset objects unloaded after import = 2
========================================================================
Received Import Request.
  Time since last request: 0.000014 seconds.
  path: Assets/Resources/Materials/kyousitu1.mat
  artifactKey: Guid(4587c81bfc5eb4f408ebb3c63dbd7220) Importer(815301076,1909f56bfc062723c751e8b465ee728b)
Start importing Assets/Resources/Materials/kyousitu1.mat using Guid(4587c81bfc5eb4f408ebb3c63dbd7220) Importer(815301076,1909f56bfc062723c751e8b465ee728b)  -> (artifact id: 'e98105b2a2aac05bb750afa1da293834') in 0.013037 seconds
Number of updated asset objects reloaded before import = 0
Number of asset objects unloaded after import = 1
========================================================================
Received Import Request.
  Time since last request: 0.000017 seconds.
  path: Assets/Resources/Materials/そり―高橋.mat
  artifactKey: Guid(183d117dd8b00824389eef01ffc20866) Importer(815301076,1909f56bfc062723c751e8b465ee728b)
Start importing Assets/Resources/Materials/そり―高橋.mat using Guid(183d117dd8b00824389eef01ffc20866) Importer(815301076,1909f56bfc062723c751e8b465ee728b)  -> (artifact id: '4897b52c72c5bf037af66f8bd7701db8') in 0.266211 seconds
Number of updated asset objects reloaded before import = 0
Number of asset objects unloaded after import = 2
========================================================================
Received Import Request.
  Time since last request: 0.000016 seconds.
  path: Assets/Resources/Materials/tk1 1.mat
  artifactKey: Guid(83a31646e02f40d4d80691206883d0ad) Importer(815301076,1909f56bfc062723c751e8b465ee728b)
Start importing Assets/Resources/Materials/tk1 1.mat using Guid(83a31646e02f40d4d80691206883d0ad) Importer(815301076,1909f56bfc062723c751e8b465ee728b)  -> (artifact id: 'e2ce7cc2d183552bd3bd2706856a1514') in 0.037757 seconds
Number of updated asset objects reloaded before import = 0
Number of asset objects unloaded after import = 2
========================================================================
Received Prepare
Begin MonoManager ReloadAssembly
- Loaded All Assemblies, in  0.611 seconds
Refreshing native plugins compatible for Editor in 18.36 ms, found 3 plugins.
Native extension for WindowsStandalone target not found
Native extension for WebGL target not found
[Package Manager] Server::EnsureServerProcessIsRunning -- launch failed, reason: Unity was launched with the -noUpm command-line argument
[Package Manager] UpmClient::Send -- Unable to send message (not connected to UPM process).
[Package Manager] Cannot connect to Unity Package Manager local server
Mono: successfully reloaded assembly
- Finished resetting the current domain, in  5.025 seconds
Domain Reload Profiling: 5631ms
	BeginReloadAssembly (192ms)
		ExecutionOrderSort (0ms)
		DisableScriptedObjects (5ms)
		BackupInstance (0ms)
		ReleaseScriptingObjects (0ms)
		CreateAndSetChildDomain (44ms)
	RebuildCommonClasses (35ms)
	RebuildNativeTypeToScriptingClass (11ms)
	initialDomainReloadingComplete (41ms)
	LoadAllAssembliesAndSetupDomain (327ms)
		LoadAssemblies (419ms)
		RebuildTransferFunctionScriptingTraits (0ms)
		AnalyzeDomain (17ms)
			TypeCache.Refresh (8ms)
				TypeCache.ScanAssembly (0ms)
			ScanForSourceGeneratedMonoScriptInfo (0ms)
			ResolveRequiredComponents (6ms)
	FinalizeReload (5025ms)
		ReleaseScriptCaches (0ms)
		RebuildScriptCaches (0ms)
		SetupLoadedEditorAssemblies (449ms)
			LogAssemblyErrors (0ms)
			InitializePlatformSupportModulesInManaged (7ms)
			SetLoadedEditorAssemblies (5ms)
			RefreshPlugins (0ms)
			BeforeProcessingInitializeOnLoad (99ms)
			ProcessInitializeOnLoadAttributes (312ms)
			ProcessInitializeOnLoadMethodAttributes (20ms)
			AfterProcessingInitializeOnLoad (7ms)
			EditorAssembliesLoaded (0ms)
		ExecutionOrderSort2 (0ms)
		AwakeInstancesAfterBackupRestoration (6ms)
Refreshing native plugins compatible for Editor in 29.41 ms, found 3 plugins.
Preloading 0 native plugins for Editor in 0.00 ms.
Unloading 3130 Unused Serialized files (Serialized files now loaded: 0)
Unloading 23 unused Assets / (31.0 KB). Loaded Objects now: 3657.
Memory consumption went from 130.0 MB to 129.9 MB.
Total: 2.537200 ms (FindLiveObjects: 0.255700 ms CreateObjectMapping: 0.251500 ms MarkObjects: 1.989000 ms  DeleteObjects: 0.040300 ms)

Prepare: number of updated asset objects reloaded= 0
AssetImportParameters requested are different than current active one (requested -> active):
  custom:container-demuxer-ogg: 62fdf1f143b41e24485cea50d1cbac27 -> 
  custom:video-decoder-ogg-theora: a1e56fd34408186e4bbccfd4996cb3dc -> 
  custom:framework-win-MediaFoundation: 216162199b28c13a410421893ffa2e32 -> 
  custom:CustomObjectIndexerAttribute: 756ad292c208cfabdd7b50bc23989ffe -> 
  custom:container-demuxer-webm: 4f35f7cbe854078d1ac9338744f61a02 -> 
  custom:container-muxer-webm: aa71ff27fc2769a1b78a27578f13a17b -> 
  custom:video-decoder-webm-vp8: 9c59270c3fd7afecdb556c50c9e8de78 -> 
  custom:SearchIndexIgnoredProperties: e643bd26f0fe6173181afceb89e7c659 -> 
  custom:AudioImporter_EditorPlatform: d09bf68614088b80899f8185d706f6e7 -> 
  custom:video-encoder-webm-vp8: eb34c28f22e8b96e1ab97ce403110664 -> 
  custom:audio-decoder-ogg-vorbis: bf7c407c2cedff20999df2af8eb42d56 -> 
  custom:audio-encoder-webm-vorbis: bf7c407c2cedff20999df2af8eb42d56 -> 
========================================================================
Received Import Request.
  Time since last request: 150.511605 seconds.
  path: Assets/Resources/defrt/1F.png
  artifactKey: Guid(bb07e57c714d6264bb23ed4d0c8653fb) Importer(815301076,1909f56bfc062723c751e8b465ee728b)
Start importing Assets/Resources/defrt/1F.png using Guid(bb07e57c714d6264bb23ed4d0c8653fb) Importer(815301076,1909f56bfc062723c751e8b465ee728b)  -> (artifact id: '25516520d7fee8fc0c8d9cf9db214d95') in 0.067989 seconds
Number of updated asset objects reloaded before import = 0
Number of asset objects unloaded after import = 2
========================================================================
Received Import Request.
  Time since last request: 0.000015 seconds.
  path: Assets/Resources/defrt/tk1 1.png
  artifactKey: Guid(66593de187cdc4047bc4db2a15fc1b2a) Importer(815301076,1909f56bfc062723c751e8b465ee728b)
Start importing Assets/Resources/defrt/tk1 1.png using Guid(66593de187cdc4047bc4db2a15fc1b2a) Importer(815301076,1909f56bfc062723c751e8b465ee728b)  -> (artifact id: '5b0a4a55f127d99a346e378fc157eca8') in 0.068393 seconds
Number of updated asset objects reloaded before import = 0
Number of asset objects unloaded after import = 2
========================================================================
Received Import Request.
  Time since last request: 0.000030 seconds.
  path: Assets/Resources/defrt/シェルター.png
  artifactKey: Guid(e6c5235397b31e64495e07b2d1fc63e0) Importer(815301076,1909f56bfc062723c751e8b465ee728b)
Start importing Assets/Resources/defrt/シェルター.png using Guid(e6c5235397b31e64495e07b2d1fc63e0) Importer(815301076,1909f56bfc062723c751e8b465ee728b)  -> (artifact id: '6fbe4c44e05b16829bac8c2094379abb') in 0.016386 seconds
Number of updated asset objects reloaded before import = 0
Number of asset objects unloaded after import = 2
========================================================================
Received Import Request.
  Time since last request: 0.000021 seconds.
  path: Assets/Resources/defrt/光る高塚.png
  artifactKey: Guid(5954ab915828b0546a5a9e9806e14d78) Importer(815301076,1909f56bfc062723c751e8b465ee728b)
Start importing Assets/Resources/defrt/光る高塚.png using Guid(5954ab915828b0546a5a9e9806e14d78) Importer(815301076,1909f56bfc062723c751e8b465ee728b)  -> (artifact id: '18a88f88a6983fdff91fc2418783b335') in 0.020391 seconds
Number of updated asset objects reloaded before import = 0
Number of asset objects unloaded after import = 2
========================================================================
Received Import Request.
  Time since last request: 0.000015 seconds.
  path: Assets/Resources/defrt/説明.png
  artifactKey: Guid(4f5031a846d599e41a3dff9e19967c8e) Importer(815301076,1909f56bfc062723c751e8b465ee728b)
Start importing Assets/Resources/defrt/説明.png using Guid(4f5031a846d599e41a3dff9e19967c8e) Importer(815301076,1909f56bfc062723c751e8b465ee728b)  -> (artifact id: '3199231122ed0f76bee96424cede1c27') in 0.020061 seconds
Number of updated asset objects reloaded before import = 0
Number of asset objects unloaded after import = 2
========================================================================
Received Import Request.
  Time since last request: 0.000021 seconds.
  path: Assets/Resources/defrt/クラス２ 2.png
  artifactKey: Guid(5858284b8e4ca4e489b9b3c538282ec9) Importer(815301076,1909f56bfc062723c751e8b465ee728b)
Start importing Assets/Resources/defrt/クラス２ 2.png using Guid(5858284b8e4ca4e489b9b3c538282ec9) Importer(815301076,1909f56bfc062723c751e8b465ee728b)  -> (artifact id: '9f18c0eaeba40118726b133b9ae528e7') in 0.020512 seconds
Number of updated asset objects reloaded before import = 0
Number of asset objects unloaded after import = 2
========================================================================
Received Import Request.
  Time since last request: 0.000028 seconds.
  path: Assets/Resources/defrt/エレベーター.png
  artifactKey: Guid(e802b877765be43479806951b26cee7a) Importer(815301076,1909f56bfc062723c751e8b465ee728b)
Start importing Assets/Resources/defrt/エレベーター.png using Guid(e802b877765be43479806951b26cee7a) Importer(815301076,1909f56bfc062723c751e8b465ee728b)  -> (artifact id: 'becb7b391438ee49316d13f78e0e31ba') in 0.031749 seconds
Number of updated asset objects reloaded before import = 0
Number of asset objects unloaded after import = 2
========================================================================
Received Import Request.
  Time since last request: 0.000024 seconds.
  path: Assets/Resources/defrt/對馬光る.png
  artifactKey: Guid(73225920bb0b011478f7f2600ff7568b) Importer(815301076,1909f56bfc062723c751e8b465ee728b)
Start importing Assets/Resources/defrt/對馬光る.png using Guid(73225920bb0b011478f7f2600ff7568b) Importer(815301076,1909f56bfc062723c751e8b465ee728b)  -> (artifact id: '8a25327f0ac6b9f13ce1c52843bfee4b') in 0.019804 seconds
Number of updated asset objects reloaded before import = 0
Number of asset objects unloaded after import = 2
========================================================================
Received Import Request.
  Time since last request: 0.000023 seconds.
  path: Assets/Resources/defrt/試し1.png
  artifactKey: Guid(ecd3a227238ec41448862516af684337) Importer(815301076,1909f56bfc062723c751e8b465ee728b)
Start importing Assets/Resources/defrt/試し1.png using Guid(ecd3a227238ec41448862516af684337) Importer(815301076,1909f56bfc062723c751e8b465ee728b)  -> (artifact id: 'db21964cb169c993fed49aa86bd2692e') in 0.027335 seconds
Number of updated asset objects reloaded before import = 0
Number of asset objects unloaded after import = 2
========================================================================
Received Import Request.
  Time since last request: 0.000016 seconds.
  path: Assets/Resources/defrt/宝箱.png
  artifactKey: Guid(dc77b23674e348940b81998fdd6f2de2) Importer(815301076,1909f56bfc062723c751e8b465ee728b)
Start importing Assets/Resources/defrt/宝箱.png using Guid(dc77b23674e348940b81998fdd6f2de2) Importer(815301076,1909f56bfc062723c751e8b465ee728b)  -> (artifact id: '7aea0953f389f12d9ea03faa74a5c2f6') in 0.030567 seconds
Number of updated asset objects reloaded before import = 0
Number of asset objects unloaded after import = 2
========================================================================
Received Import Request.
  Time since last request: 0.000015 seconds.
  path: Assets/Resources/defrt/4f2.png
  artifactKey: Guid(433daa804ff382a43a54395a6c23c706) Importer(815301076,1909f56bfc062723c751e8b465ee728b)
Start importing Assets/Resources/defrt/4f2.png using Guid(433daa804ff382a43a54395a6c23c706) Importer(815301076,1909f56bfc062723c751e8b465ee728b)  -> (artifact id: '8e6a38ff67116003fe07511190eb3c38') in 0.017923 seconds
Number of updated asset objects reloaded before import = 0
Number of asset objects unloaded after import = 2
========================================================================
Received Import Request.
  Time since last request: 0.000018 seconds.
  path: Assets/Resources/defrt/入口謎解き4.png
  artifactKey: Guid(07e9e2d1aa1c37547bcac8432f92f15b) Importer(815301076,1909f56bfc062723c751e8b465ee728b)
Start importing Assets/Resources/defrt/入口謎解き4.png using Guid(07e9e2d1aa1c37547bcac8432f92f15b) Importer(815301076,1909f56bfc062723c751e8b465ee728b)  -> (artifact id: 'bfc4f92ed238ab8511d6340893282906') in 0.014861 seconds
Number of updated asset objects reloaded before import = 0
Number of asset objects unloaded after import = 2
========================================================================
Received Import Request.
  Time since last request: 0.000044 seconds.
  path: Assets/Resources/defrt/こくばん3.png
  artifactKey: Guid(ae492b88522bb6247a05c4c29239ffc4) Importer(815301076,1909f56bfc062723c751e8b465ee728b)
Start importing Assets/Resources/defrt/こくばん3.png using Guid(ae492b88522bb6247a05c4c29239ffc4) Importer(815301076,1909f56bfc062723c751e8b465ee728b)  -> (artifact id: '8057e80e6301603b95557cdf8abe3f10') in 0.014661 seconds
Number of updated asset objects reloaded before import = 0
Number of asset objects unloaded after import = 2
========================================================================
Received Import Request.
  Time since last request: 0.000016 seconds.
  path: Assets/Resources/defrt/シルエットティラノ.png
  artifactKey: Guid(7a1f46097b3cab94cba28bc27eca4c46) Importer(815301076,1909f56bfc062723c751e8b465ee728b)
Start importing Assets/Resources/defrt/シルエットティラノ.png using Guid(7a1f46097b3cab94cba28bc27eca4c46) Importer(815301076,1909f56bfc062723c751e8b465ee728b)  -> (artifact id: '4c62155b81bde6d2bdb301773f2fc5e1') in 0.018632 seconds
Number of updated asset objects reloaded before import = 0
Number of asset objects unloaded after import = 2
========================================================================
Received Import Request.
  Time since last request: 0.000017 seconds.
  path: Assets/Resources/defrt/紫.png
  artifactKey: Guid(39c7395522c65114c8fd4ce735e910a2) Importer(815301076,1909f56bfc062723c751e8b465ee728b)
Start importing Assets/Resources/defrt/紫.png using Guid(39c7395522c65114c8fd4ce735e910a2) Importer(815301076,1909f56bfc062723c751e8b465ee728b)  -> (artifact id: 'fe920176f4c5ce1c9a3a1bca6c60dab0') in 0.053670 seconds
Number of updated asset objects reloaded before import = 0
Number of asset objects unloaded after import = 2
========================================================================
Received Import Request.
  Time since last request: 0.000014 seconds.
  path: Assets/Resources/defrt/クラス２.png
  artifactKey: Guid(8fc7d73e0a295aa4a8aa3214129bc0e2) Importer(815301076,1909f56bfc062723c751e8b465ee728b)
Start importing Assets/Resources/defrt/クラス２.png using Guid(8fc7d73e0a295aa4a8aa3214129bc0e2) Importer(815301076,1909f56bfc062723c751e8b465ee728b)  -> (artifact id: '88f2879366c8e6fddd5179c14f6a0804') in 0.015901 seconds
Number of updated asset objects reloaded before import = 0
Number of asset objects unloaded after import = 2
========================================================================
Received Import Request.
  Time since last request: 0.000032 seconds.
  path: Assets/Resources/defrt/入口謎解き3.png
  artifactKey: Guid(3dff146bb7999ab42a04c6c0317df8f1) Importer(815301076,1909f56bfc062723c751e8b465ee728b)
Start importing Assets/Resources/defrt/入口謎解き3.png using Guid(3dff146bb7999ab42a04c6c0317df8f1) Importer(815301076,1909f56bfc062723c751e8b465ee728b)  -> (artifact id: '46bc065b92cb11d4cdb0df5b70092336') in 0.015858 seconds
Number of updated asset objects reloaded before import = 0
Number of asset objects unloaded after import = 2
========================================================================
Received Import Request.
  Time since last request: 0.000030 seconds.
  path: Assets/Resources/defrt/移動先２.png
  artifactKey: Guid(1533d70cafc43b04f99082cf00e43e98) Importer(815301076,1909f56bfc062723c751e8b465ee728b)
Start importing Assets/Resources/defrt/移動先２.png using Guid(1533d70cafc43b04f99082cf00e43e98) Importer(815301076,1909f56bfc062723c751e8b465ee728b)  -> (artifact id: '8394fead482383e8e7bb13ee8a78669c') in 0.034717 seconds
Number of updated asset objects reloaded before import = 0
Number of asset objects unloaded after import = 2
========================================================================
Received Import Request.
  Time since last request: 0.000015 seconds.
  path: Assets/Resources/defrt/咆哮.gif
  artifactKey: Guid(fb387ce8d1fed914ba852c57790e3253) Importer(815301076,1909f56bfc062723c751e8b465ee728b)
Start importing Assets/Resources/defrt/咆哮.gif using Guid(fb387ce8d1fed914ba852c57790e3253) Importer(815301076,1909f56bfc062723c751e8b465ee728b)  -> (artifact id: 'd7cbcd89d7178f6427b55ddb2826e2a0') in 0.023204 seconds
Number of updated asset objects reloaded before import = 0
Number of asset objects unloaded after import = 2
========================================================================
Received Import Request.
  Time since last request: 0.000017 seconds.
  path: Assets/Resources/defrt/無題639_20231225142223.png
  artifactKey: Guid(6714c2edceb006d48993e85c87843c4e) Importer(815301076,1909f56bfc062723c751e8b465ee728b)
Start importing Assets/Resources/defrt/無題639_20231225142223.png using Guid(6714c2edceb006d48993e85c87843c4e) Importer(815301076,1909f56bfc062723c751e8b465ee728b)  -> (artifact id: 'f13dcbefa6f1be04d01c4700ccc330a7') in 0.050304 seconds
Number of updated asset objects reloaded before import = 0
Number of asset objects unloaded after import = 2
========================================================================
Received Import Request.
  Time since last request: 0.000026 seconds.
  path: Assets/Resources/defrt/tai0.jpg
  artifactKey: Guid(3e675db84ca027b4fb94999ad19dc07a) Importer(815301076,1909f56bfc062723c751e8b465ee728b)
Start importing Assets/Resources/defrt/tai0.jpg using Guid(3e675db84ca027b4fb94999ad19dc07a) Importer(815301076,1909f56bfc062723c751e8b465ee728b)  -> (artifact id: '441fc8ce1598390cda11068df87c91af') in 0.029040 seconds
Number of updated asset objects reloaded before import = 0
Number of asset objects unloaded after import = 2
========================================================================
Received Import Request.
  Time since last request: 0.000086 seconds.
  path: Assets/Resources/defrt/w.png
  artifactKey: Guid(9982d92edaae46646bd858ee11c727d7) Importer(815301076,1909f56bfc062723c751e8b465ee728b)
Start importing Assets/Resources/defrt/w.png using Guid(9982d92edaae46646bd858ee11c727d7) Importer(815301076,1909f56bfc062723c751e8b465ee728b)  -> (artifact id: 'ae7b58fe45e525a669353231cd5af9cf') in 0.019744 seconds
Number of updated asset objects reloaded before import = 0
Number of asset objects unloaded after import = 2
========================================================================
Received Import Request.
  Time since last request: 0.000027 seconds.
  path: Assets/Resources/defrt/エレベーター２.png
  artifactKey: Guid(ac28f8781123f8b4e9c1b77bc3d91406) Importer(815301076,1909f56bfc062723c751e8b465ee728b)
Start importing Assets/Resources/defrt/エレベーター２.png using Guid(ac28f8781123f8b4e9c1b77bc3d91406) Importer(815301076,1909f56bfc062723c751e8b465ee728b)  -> (artifact id: '85ea49607549a0eb22f73f4afd5906f2') in 0.029274 seconds
Number of updated asset objects reloaded before import = 0
Number of asset objects unloaded after import = 2
========================================================================
Received Import Request.
  Time since last request: 0.000019 seconds.
  path: Assets/Resources/defrt/外見.png
  artifactKey: Guid(c05c5f29281957a4ba9834cb0404468a) Importer(815301076,1909f56bfc062723c751e8b465ee728b)
Start importing Assets/Resources/defrt/外見.png using Guid(c05c5f29281957a4ba9834cb0404468a) Importer(815301076,1909f56bfc062723c751e8b465ee728b)  -> (artifact id: '575f06adc6483ab7859d4088f8a93a96') in 0.015175 seconds
Number of updated asset objects reloaded before import = 0
Number of asset objects unloaded after import = 2
========================================================================
Received Import Request.
  Time since last request: 0.000019 seconds.
  path: Assets/Resources/defrt/森田の部屋.png
  artifactKey: Guid(c26bf154fc016784f8986eb20d58ae76) Importer(815301076,1909f56bfc062723c751e8b465ee728b)
Start importing Assets/Resources/defrt/森田の部屋.png using Guid(c26bf154fc016784f8986eb20d58ae76) Importer(815301076,1909f56bfc062723c751e8b465ee728b)  -> (artifact id: '6183a6673373d2da9922868688be9c9b') in 0.021472 seconds
Number of updated asset objects reloaded before import = 0
Number of asset objects unloaded after import = 2
========================================================================
Received Import Request.
  Time since last request: 0.000016 seconds.
  path: Assets/Resources/defrt/こくばん.png
  artifactKey: Guid(e9f4d36e8a44a00409364b635f48f6d8) Importer(815301076,1909f56bfc062723c751e8b465ee728b)
Start importing Assets/Resources/defrt/こくばん.png using Guid(e9f4d36e8a44a00409364b635f48f6d8) Importer(815301076,1909f56bfc062723c751e8b465ee728b)  -> (artifact id: '33a11350d3e070828897e3132d56de76') in 0.021864 seconds
Number of updated asset objects reloaded before import = 0
Number of asset objects unloaded after import = 2
========================================================================
Received Import Request.
  Time since last request: 0.000018 seconds.
  path: Assets/Resources/defrt/3F.png
  artifactKey: Guid(dce37be060f0c034fa5cc82f70583989) Importer(815301076,1909f56bfc062723c751e8b465ee728b)
Start importing Assets/Resources/defrt/3F.png using Guid(dce37be060f0c034fa5cc82f70583989) Importer(815301076,1909f56bfc062723c751e8b465ee728b)  -> (artifact id: 'd46bdbe597e1aec1b10dcde61cd23a46') in 0.020888 seconds
Number of updated asset objects reloaded before import = 0
Number of asset objects unloaded after import = 2
========================================================================
Received Import Request.
  Time since last request: 0.000015 seconds.
  path: Assets/Resources/defrt/スクリーンショット (1).png
  artifactKey: Guid(ae7654740b0c55d439c98b266ea3ea33) Importer(815301076,1909f56bfc062723c751e8b465ee728b)
Start importing Assets/Resources/defrt/スクリーンショット (1).png using Guid(ae7654740b0c55d439c98b266ea3ea33) Importer(815301076,1909f56bfc062723c751e8b465ee728b)  -> (artifact id: 'fc2192d026876260df86c252c6686c16') in 0.022468 seconds
Number of updated asset objects reloaded before import = 0
Number of asset objects unloaded after import = 2
========================================================================
Received Import Request.
  Time since last request: 0.000018 seconds.
  path: Assets/Resources/defrt/over.png
  artifactKey: Guid(7fb0aaca8cce8f047b76088d93cd4afd) Importer(815301076,1909f56bfc062723c751e8b465ee728b)
Start importing Assets/Resources/defrt/over.png using Guid(7fb0aaca8cce8f047b76088d93cd4afd) Importer(815301076,1909f56bfc062723c751e8b465ee728b)  -> (artifact id: '373d1ef3b37fa795738216f80dbff645') in 0.019614 seconds
Number of updated asset objects reloaded before import = 0
Number of asset objects unloaded after import = 2
========================================================================
Received Import Request.
  Time since last request: 0.000021 seconds.
  path: Assets/Resources/sprit/skip.png
  artifactKey: Guid(63169541434727848904dbff564f1abe) Importer(815301076,1909f56bfc062723c751e8b465ee728b)
Start importing Assets/Resources/sprit/skip.png using Guid(63169541434727848904dbff564f1abe) Importer(815301076,1909f56bfc062723c751e8b465ee728b)  -> (artifact id: 'c67b9fce3f67dc6d0b80d2c7a764f1ad') in 0.093523 seconds
Number of updated asset objects reloaded before import = 0
Number of asset objects unloaded after import = 3
========================================================================
Received Import Request.
  Time since last request: 0.000021 seconds.
  path: Assets/Resources/sprit/屋―ミニゲーム.png
  artifactKey: Guid(262e22b2c550edb42be5ef336c278c32) Importer(815301076,1909f56bfc062723c751e8b465ee728b)
Start importing Assets/Resources/sprit/屋―ミニゲーム.png using Guid(262e22b2c550edb42be5ef336c278c32) Importer(815301076,1909f56bfc062723c751e8b465ee728b)  -> (artifact id: '1d3a4fc491b542581a72b11d92f6f9a2') in 0.035104 seconds
Number of updated asset objects reloaded before import = 0
Number of asset objects unloaded after import = 3
========================================================================
Received Import Request.
  Time since last request: 0.000027 seconds.
  path: Assets/Resources/sprit/透過した森田.png
  artifactKey: Guid(7dc7bb16b8d3c174c96bfb5d56abc721) Importer(815301076,1909f56bfc062723c751e8b465ee728b)
Start importing Assets/Resources/sprit/透過した森田.png using Guid(7dc7bb16b8d3c174c96bfb5d56abc721) Importer(815301076,1909f56bfc062723c751e8b465ee728b)  -> (artifact id: '8c4ea6180d46f17f4cba2ad71bd73726') in 0.045008 seconds
Number of updated asset objects reloaded before import = 0
Number of asset objects unloaded after import = 3
========================================================================
Received Import Request.
  Time since last request: 0.000018 seconds.
  path: Assets/Resources/sprit/teki.png
  artifactKey: Guid(3414581fff014814796bacf2a7ce6e79) Importer(815301076,1909f56bfc062723c751e8b465ee728b)
Start importing Assets/Resources/sprit/teki.png using Guid(3414581fff014814796bacf2a7ce6e79) Importer(815301076,1909f56bfc062723c751e8b465ee728b)  -> (artifact id: '52668fa2d83779789889dd5b5bb765ee') in 0.024195 seconds
Number of updated asset objects reloaded before import = 0
Number of asset objects unloaded after import = 3
========================================================================
Received Import Request.
  Time since last request: 0.000017 seconds.
  path: Assets/Resources/sprit/伝言の紙.png
  artifactKey: Guid(4ba4a05cca3320345849b9e640587ce0) Importer(815301076,1909f56bfc062723c751e8b465ee728b)
Start importing Assets/Resources/sprit/伝言の紙.png using Guid(4ba4a05cca3320345849b9e640587ce0) Importer(815301076,1909f56bfc062723c751e8b465ee728b)  -> (artifact id: '20eaf7b75d5bf901106b120c689e90cd') in 0.026133 seconds
Number of updated asset objects reloaded before import = 0
Number of asset objects unloaded after import = 3
========================================================================
Received Import Request.
  Time since last request: 0.000017 seconds.
  path: Assets/Resources/sprit/ミニゲーム君のテキスト.jpg
  artifactKey: Guid(98390db37d8ae1143b36749430ff4f5d) Importer(815301076,1909f56bfc062723c751e8b465ee728b)
Start importing Assets/Resources/sprit/ミニゲーム君のテキスト.jpg using Guid(98390db37d8ae1143b36749430ff4f5d) Importer(815301076,1909f56bfc062723c751e8b465ee728b)  -> (artifact id: '05cff565d4730b7e47ce20eeb85e9c13') in 0.055431 seconds
Number of updated asset objects reloaded before import = 0
Number of asset objects unloaded after import = 3
========================================================================
Received Import Request.
  Time since last request: 0.000017 seconds.
  path: Assets/Resources/defrt/壁紙.png
  artifactKey: Guid(f6a31fb41b95bce4494dc12817b35fd5) Importer(815301076,1909f56bfc062723c751e8b465ee728b)
Start importing Assets/Resources/defrt/壁紙.png using Guid(f6a31fb41b95bce4494dc12817b35fd5) Importer(815301076,1909f56bfc062723c751e8b465ee728b)  -> (artifact id: '30baee65801fc20662f759258a1ca969') in 0.030662 seconds
Number of updated asset objects reloaded before import = 0
Number of asset objects unloaded after import = 2
========================================================================
Received Import Request.
  Time since last request: 0.000018 seconds.
  path: Assets/Resources/defrt/ゲームオーバーティラノ(仮).gif
  artifactKey: Guid(491bc2d844401d841a7271c68368250f) Importer(815301076,1909f56bfc062723c751e8b465ee728b)
Start importing Assets/Resources/defrt/ゲームオーバーティラノ(仮).gif using Guid(491bc2d844401d841a7271c68368250f) Importer(815301076,1909f56bfc062723c751e8b465ee728b)  -> (artifact id: '8846f2260cb6b4f73118941e25216548') in 0.023623 seconds
Number of updated asset objects reloaded before import = 0
Number of asset objects unloaded after import = 2
========================================================================
Received Import Request.
  Time since last request: 0.000018 seconds.
  path: Assets/Resources/sprit/T-rex2.jpg
  artifactKey: Guid(e259f890d8b1cad4c8079f84dc6c83ed) Importer(815301076,1909f56bfc062723c751e8b465ee728b)
Start importing Assets/Resources/sprit/T-rex2.jpg using Guid(e259f890d8b1cad4c8079f84dc6c83ed) Importer(815301076,1909f56bfc062723c751e8b465ee728b)  -> (artifact id: 'c186b49fd2854bb2ecceab7537a2c604') in 0.031529 seconds
Number of updated asset objects reloaded before import = 0
Number of asset objects unloaded after import = 3
========================================================================
Received Import Request.
  Time since last request: 0.000017 seconds.
  path: Assets/Resources/defrt/クラス２ 4.png
  artifactKey: Guid(6c9911c4f63efd94382aa8e8db7e5dc3) Importer(815301076,1909f56bfc062723c751e8b465ee728b)
Start importing Assets/Resources/defrt/クラス２ 4.png using Guid(6c9911c4f63efd94382aa8e8db7e5dc3) Importer(815301076,1909f56bfc062723c751e8b465ee728b)  -> (artifact id: 'c969b3743f188faba02a1b6567da6510') in 0.017569 seconds
Number of updated asset objects reloaded before import = 0
Number of asset objects unloaded after import = 2
========================================================================
Received Import Request.
  Time since last request: 0.000027 seconds.
  path: Assets/Resources/defrt/扉.png
  artifactKey: Guid(5e2265b5a4dcfe24ba63350164c6495e) Importer(815301076,1909f56bfc062723c751e8b465ee728b)
Start importing Assets/Resources/defrt/扉.png using Guid(5e2265b5a4dcfe24ba63350164c6495e) Importer(815301076,1909f56bfc062723c751e8b465ee728b)  -> (artifact id: 'd5716a431f62f8fc50ad9ed2007571f0') in 0.015833 seconds
Number of updated asset objects reloaded before import = 0
Number of asset objects unloaded after import = 2
========================================================================
Received Import Request.
  Time since last request: 0.000016 seconds.
  path: Assets/Resources/defrt/移動先１ 1.png
  artifactKey: Guid(184c6a959efc6f149ac048a6f59956db) Importer(815301076,1909f56bfc062723c751e8b465ee728b)
Start importing Assets/Resources/defrt/移動先１ 1.png using Guid(184c6a959efc6f149ac048a6f59956db) Importer(815301076,1909f56bfc062723c751e8b465ee728b)  -> (artifact id: '38c145328e02e75e8d95661a3add57f1') in 0.016328 seconds
Number of updated asset objects reloaded before import = 0
Number of asset objects unloaded after import = 2
========================================================================
Received Import Request.
  Time since last request: 0.000019 seconds.
  path: Assets/Resources/defrt/ゲーム画面.png
  artifactKey: Guid(f8cbee3747c467747a26ced60388726f) Importer(815301076,1909f56bfc062723c751e8b465ee728b)
Start importing Assets/Resources/defrt/ゲーム画面.png using Guid(f8cbee3747c467747a26ced60388726f) Importer(815301076,1909f56bfc062723c751e8b465ee728b)  -> (artifact id: '1bb180ef7a1929e6143af92729233013') in 0.041446 seconds
Number of updated asset objects reloaded before import = 0
Number of asset objects unloaded after import = 2
========================================================================
Received Import Request.
  Time since last request: 0.000015 seconds.
  path: Assets/Resources/defrt/クラス２ 1.png
  artifactKey: Guid(463f2acdd0de3cc449dd98f13b7c4529) Importer(815301076,1909f56bfc062723c751e8b465ee728b)
Start importing Assets/Resources/defrt/クラス２ 1.png using Guid(463f2acdd0de3cc449dd98f13b7c4529) Importer(815301076,1909f56bfc062723c751e8b465ee728b)  -> (artifact id: '0f01637c19a20c8f241c0b89cd1457bd') in 0.023097 seconds
Number of updated asset objects reloaded before import = 0
Number of asset objects unloaded after import = 2
========================================================================
Received Import Request.
  Time since last request: 0.000019 seconds.
  path: Assets/Resources/defrt/移動先２ 1.png
  artifactKey: Guid(03c9650550b0fb048b9b28a5ab102630) Importer(815301076,1909f56bfc062723c751e8b465ee728b)
Start importing Assets/Resources/defrt/移動先２ 1.png using Guid(03c9650550b0fb048b9b28a5ab102630) Importer(815301076,1909f56bfc062723c751e8b465ee728b)  -> (artifact id: '710337cdf5fe244a43b7e57ab13be972') in 0.017546 seconds
Number of updated asset objects reloaded before import = 0
Number of asset objects unloaded after import = 2
========================================================================
Received Import Request.
  Time since last request: 0.000015 seconds.
  path: Assets/Resources/defrt/thirano.png
  artifactKey: Guid(a53f41f363d35b3479b7a45334590813) Importer(815301076,1909f56bfc062723c751e8b465ee728b)
Start importing Assets/Resources/defrt/thirano.png using Guid(a53f41f363d35b3479b7a45334590813) Importer(815301076,1909f56bfc062723c751e8b465ee728b)  -> (artifact id: '1961a166fe2e858c9faf3a02b5655084') in 0.015726 seconds
Number of updated asset objects reloaded before import = 0
Number of asset objects unloaded after import = 2
========================================================================
Received Import Request.
  Time since last request: 0.000014 seconds.
  path: Assets/Resources/defrt/外見 1.png
  artifactKey: Guid(3780ac4b07555be4aa0e11f87020b900) Importer(815301076,1909f56bfc062723c751e8b465ee728b)
Start importing Assets/Resources/defrt/外見 1.png using Guid(3780ac4b07555be4aa0e11f87020b900) Importer(815301076,1909f56bfc062723c751e8b465ee728b)  -> (artifact id: '82cca6ada7ce9bd53fc8c11873bfba69') in 0.014663 seconds
Number of updated asset objects reloaded before import = 0
Number of asset objects unloaded after import = 2
========================================================================
Received Import Request.
  Time since last request: 0.000017 seconds.
  path: Assets/Resources/defrt/移動先１.png
  artifactKey: Guid(84a1529e6a433974dba4d3dd38b2ae20) Importer(815301076,1909f56bfc062723c751e8b465ee728b)
Start importing Assets/Resources/defrt/移動先１.png using Guid(84a1529e6a433974dba4d3dd38b2ae20) Importer(815301076,1909f56bfc062723c751e8b465ee728b)  -> (artifact id: 'a66fbd272433026c9a37d258c8cdd737') in 0.016787 seconds
Number of updated asset objects reloaded before import = 0
Number of asset objects unloaded after import = 2
========================================================================
Received Import Request.
  Time since last request: 0.000017 seconds.
  path: Assets/Resources/sprit/對馬.png
  artifactKey: Guid(f6d709ec1895c404abefce208bcea136) Importer(815301076,1909f56bfc062723c751e8b465ee728b)
Start importing Assets/Resources/sprit/對馬.png using Guid(f6d709ec1895c404abefce208bcea136) Importer(815301076,1909f56bfc062723c751e8b465ee728b)  -> (artifact id: '51095dfa8ad8c2632746c1d57ce3df6b') in 0.030433 seconds
Number of updated asset objects reloaded before import = 0
Number of asset objects unloaded after import = 3
========================================================================
Received Import Request.
  Time since last request: 0.000027 seconds.
  path: Assets/Resources/defrt/そり―高橋.png
  artifactKey: Guid(3291e1ffebf5a044fbab0e60dc3ef126) Importer(815301076,1909f56bfc062723c751e8b465ee728b)
Start importing Assets/Resources/defrt/そり―高橋.png using Guid(3291e1ffebf5a044fbab0e60dc3ef126) Importer(815301076,1909f56bfc062723c751e8b465ee728b)  -> (artifact id: 'fddb4af46ec19052f840078c0345d715') in 0.034653 seconds
Number of updated asset objects reloaded before import = 0
Number of asset objects unloaded after import = 2
========================================================================
Received Import Request.
  Time since last request: 0.000019 seconds.
  path: Assets/Resources/defrt/ゲーム画面 1.png
  artifactKey: Guid(0de73f74591ef3e479cb80f5f605ca8e) Importer(815301076,1909f56bfc062723c751e8b465ee728b)
Start importing Assets/Resources/defrt/ゲーム画面 1.png using Guid(0de73f74591ef3e479cb80f5f605ca8e) Importer(815301076,1909f56bfc062723c751e8b465ee728b)  -> (artifact id: '9158827c8bbfccd1720c29ddaab579fe') in 0.015293 seconds
Number of updated asset objects reloaded before import = 0
Number of asset objects unloaded after import = 2
========================================================================
Received Import Request.
  Time since last request: 0.003144 seconds.
  path: Assets/Resources/sprit/出口の本体.png
  artifactKey: Guid(4e89e5784f798eb4b807598a72df2e35) Importer(815301076,1909f56bfc062723c751e8b465ee728b)
Start importing Assets/Resources/sprit/出口の本体.png using Guid(4e89e5784f798eb4b807598a72df2e35) Importer(815301076,1909f56bfc062723c751e8b465ee728b)  -> (artifact id: '17e1333446b8575931e769aa1d17be18') in 0.023966 seconds
Number of updated asset objects reloaded before import = 0
Number of asset objects unloaded after import = 3
========================================================================
Received Import Request.
  Time since last request: 40.597635 seconds.
  path: Assets/Script/cart/reesu.cs
  artifactKey: Guid(49955be4f02902546a3bb2123614d3ab) Importer(815301076,1909f56bfc062723c751e8b465ee728b)
Start importing Assets/Script/cart/reesu.cs using Guid(49955be4f02902546a3bb2123614d3ab) Importer(815301076,1909f56bfc062723c751e8b465ee728b)  -> (artifact id: '28e06ba63cda75f2e51f962421221000') in 0.001139 seconds
Number of updated asset objects reloaded before import = 0
Number of asset objects unloaded after import = 0
========================================================================
Received Import Request.
  Time since last request: 48.919739 seconds.
  path: Assets/Scenes/Sample.unity
  artifactKey: Guid(9fc0d4010bbf28b4594072e72b8655ab) Importer(815301076,1909f56bfc062723c751e8b465ee728b)
Start importing Assets/Scenes/Sample.unity using Guid(9fc0d4010bbf28b4594072e72b8655ab) Importer(815301076,1909f56bfc062723c751e8b465ee728b)  -> (artifact id: 'a6251b7e95164b0de7175772d0af063e') in 0.000987 seconds
Number of updated asset objects reloaded before import = 0
Number of asset objects unloaded after import = 0
========================================================================
Received Prepare
Begin MonoManager ReloadAssembly
- Loaded All Assemblies, in  0.697 seconds
Refreshing native plugins compatible for Editor in 8.24 ms, found 3 plugins.
Native extension for WindowsStandalone target not found
Native extension for WebGL target not found
[Package Manager] Server::EnsureServerProcessIsRunning -- launch failed, reason: Unity was launched with the -noUpm command-line argument
[Package Manager] UpmClient::Send -- Unable to send message (not connected to UPM process).
[Package Manager] Cannot connect to Unity Package Manager local server
Mono: successfully reloaded assembly
- Finished resetting the current domain, in  4.110 seconds
Domain Reload Profiling: 4802ms
	BeginReloadAssembly (171ms)
		ExecutionOrderSort (0ms)
		DisableScriptedObjects (6ms)
		BackupInstance (0ms)
		ReleaseScriptingObjects (0ms)
		CreateAndSetChildDomain (34ms)
	RebuildCommonClasses (32ms)
	RebuildNativeTypeToScriptingClass (11ms)
	initialDomainReloadingComplete (32ms)
	LoadAllAssembliesAndSetupDomain (446ms)
		LoadAssemblies (521ms)
		RebuildTransferFunctionScriptingTraits (0ms)
		AnalyzeDomain (23ms)
			TypeCache.Refresh (9ms)
				TypeCache.ScanAssembly (1ms)
			ScanForSourceGeneratedMonoScriptInfo (6ms)
			ResolveRequiredComponents (5ms)
	FinalizeReload (4110ms)
		ReleaseScriptCaches (0ms)
		RebuildScriptCaches (0ms)
		SetupLoadedEditorAssemblies (466ms)
			LogAssemblyErrors (0ms)
			InitializePlatformSupportModulesInManaged (13ms)
			SetLoadedEditorAssemblies (8ms)
			RefreshPlugins (0ms)
			BeforeProcessingInitializeOnLoad (105ms)
			ProcessInitializeOnLoadAttributes (313ms)
			ProcessInitializeOnLoadMethodAttributes (20ms)
			AfterProcessingInitializeOnLoad (7ms)
			EditorAssembliesLoaded (0ms)
		ExecutionOrderSort2 (0ms)
		AwakeInstancesAfterBackupRestoration (6ms)
Refreshing native plugins compatible for Editor in 27.95 ms, found 3 plugins.
Preloading 0 native plugins for Editor in 0.00 ms.
Unloading 3130 Unused Serialized files (Serialized files now loaded: 0)
Unloading 23 unused Assets / (31.1 KB). Loaded Objects now: 3679.
Memory consumption went from 131.9 MB to 131.9 MB.
Total: 2.641900 ms (FindLiveObjects: 0.415100 ms CreateObjectMapping: 0.244900 ms MarkObjects: 1.941000 ms  DeleteObjects: 0.040200 ms)

Prepare: number of updated asset objects reloaded= 0
AssetImportParameters requested are different than current active one (requested -> active):
  custom:container-demuxer-ogg: 62fdf1f143b41e24485cea50d1cbac27 -> 
  custom:video-decoder-ogg-theora: a1e56fd34408186e4bbccfd4996cb3dc -> 
  custom:framework-win-MediaFoundation: 216162199b28c13a410421893ffa2e32 -> 
  custom:CustomObjectIndexerAttribute: 756ad292c208cfabdd7b50bc23989ffe -> 
  custom:container-demuxer-webm: 4f35f7cbe854078d1ac9338744f61a02 -> 
  custom:container-muxer-webm: aa71ff27fc2769a1b78a27578f13a17b -> 
  custom:video-decoder-webm-vp8: 9c59270c3fd7afecdb556c50c9e8de78 -> 
  custom:SearchIndexIgnoredProperties: e643bd26f0fe6173181afceb89e7c659 -> 
  custom:AudioImporter_EditorPlatform: d09bf68614088b80899f8185d706f6e7 -> 
  custom:video-encoder-webm-vp8: eb34c28f22e8b96e1ab97ce403110664 -> 
  custom:audio-decoder-ogg-vorbis: bf7c407c2cedff20999df2af8eb42d56 -> 
  custom:audio-encoder-webm-vorbis: bf7c407c2cedff20999df2af8eb42d56 -> 
========================================================================
Received Import Request.
  Time since last request: 89.341937 seconds.
  path: Assets/font/JHEI00S.TTC
  artifactKey: Guid(81507bbd549137145a8d44a3a4929f6e) Importer(815301076,1909f56bfc062723c751e8b465ee728b)
Start importing Assets/font/JHEI00S.TTC using Guid(81507bbd549137145a8d44a3a4929f6e) Importer(815301076,1909f56bfc062723c751e8b465ee728b)  -> (artifact id: 'dce3588aea32e9790992b6b488d4401d') in 0.107532 seconds
Number of updated asset objects reloaded before import = 0
Number of asset objects unloaded after import = 4
========================================================================
Received Import Request.
  Time since last request: 2.540255 seconds.
  path: Assets/Resources/Materials
  artifactKey: Guid(38150e981f23c4a4db1535fb1161a3c8) Importer(815301076,1909f56bfc062723c751e8b465ee728b)
Start importing Assets/Resources/Materials using Guid(38150e981f23c4a4db1535fb1161a3c8) Importer(815301076,1909f56bfc062723c751e8b465ee728b)  -> (artifact id: 'c7a080168c0aa62baae0887482f77996') in 0.000596 seconds
Number of updated asset objects reloaded before import = 0
Number of asset objects unloaded after import = 0
========================================================================
Received Import Request.
  Time since last request: 0.981951 seconds.
  path: Assets/Resources/Materials/入口謎解き2.mat
  artifactKey: Guid(f8c2734bd0d2f0f47a98a5548a4caf1d) Importer(815301076,1909f56bfc062723c751e8b465ee728b)
Start importing Assets/Resources/Materials/入口謎解き2.mat using Guid(f8c2734bd0d2f0f47a98a5548a4caf1d) Importer(815301076,1909f56bfc062723c751e8b465ee728b)  -> (artifact id: '80b2c253e47002b3ee092c9ac1d60a01') in 0.049042 seconds
Number of updated asset objects reloaded before import = 0
Number of asset objects unloaded after import = 2
========================================================================
Received Import Request.
  Time since last request: 0.000038 seconds.
  path: Assets/Resources/Materials/咆哮.mat
  artifactKey: Guid(1a7da09655f31064db5f5088f6bf1ff9) Importer(815301076,1909f56bfc062723c751e8b465ee728b)
Start importing Assets/Resources/Materials/咆哮.mat using Guid(1a7da09655f31064db5f5088f6bf1ff9) Importer(815301076,1909f56bfc062723c751e8b465ee728b)  -> (artifact id: 'ee35a827517a876ee3227234c10fc067') in 0.020556 seconds
Number of updated asset objects reloaded before import = 0
Number of asset objects unloaded after import = 2
========================================================================
Received Import Request.
  Time since last request: 0.000015 seconds.
  path: Assets/Resources/Materials/壁紙2.mat
  artifactKey: Guid(776c9d58b480156499bb43283d99dc97) Importer(815301076,1909f56bfc062723c751e8b465ee728b)
Start importing Assets/Resources/Materials/壁紙2.mat using Guid(776c9d58b480156499bb43283d99dc97) Importer(815301076,1909f56bfc062723c751e8b465ee728b)  -> (artifact id: 'fe369a0f56bc1e54b187f30e319f7988') in 0.031930 seconds
Number of updated asset objects reloaded before import = 0
Number of asset objects unloaded after import = 2
========================================================================
Received Import Request.
  Time since last request: 0.000013 seconds.
  path: Assets/Resources/Materials/対馬の部屋.mat
  artifactKey: Guid(f76e824b3697dd146b7116bc363b5f7a) Importer(815301076,1909f56bfc062723c751e8b465ee728b)
Start importing Assets/Resources/Materials/対馬の部屋.mat using Guid(f76e824b3697dd146b7116bc363b5f7a) Importer(815301076,1909f56bfc062723c751e8b465ee728b)  -> (artifact id: 'e03abe6c5d73a8b99d347096f8ddf3a2') in 0.017261 seconds
Number of updated asset objects reloaded before import = 0
Number of asset objects unloaded after import = 2
========================================================================
Received Import Request.
  Time since last request: 0.000018 seconds.
  path: Assets/Resources/Materials/外見 1.mat
  artifactKey: Guid(5b879c4711ee3034f80c21c797b9d0ea) Importer(815301076,1909f56bfc062723c751e8b465ee728b)
Start importing Assets/Resources/Materials/外見 1.mat using Guid(5b879c4711ee3034f80c21c797b9d0ea) Importer(815301076,1909f56bfc062723c751e8b465ee728b)  -> (artifact id: 'e549b8ecb7f0c403361632af1af5dbb7') in 0.020590 seconds
Number of updated asset objects reloaded before import = 0
Number of asset objects unloaded after import = 2
========================================================================
Received Import Request.
  Time since last request: 0.000023 seconds.
  path: Assets/Resources/Materials/外見.mat
  artifactKey: Guid(46b41e2f1a750164999cff39e1a87461) Importer(815301076,1909f56bfc062723c751e8b465ee728b)
Start importing Assets/Resources/Materials/外見.mat using Guid(46b41e2f1a750164999cff39e1a87461) Importer(815301076,1909f56bfc062723c751e8b465ee728b)  -> (artifact id: 'c5332dc05da1f51f8c17e20f11bb22fd') in 0.016835 seconds
Number of updated asset objects reloaded before import = 0
Number of asset objects unloaded after import = 2
========================================================================
Received Import Request.
  Time since last request: 0.000014 seconds.
  path: Assets/Resources/Materials/移動先１.mat
  artifactKey: Guid(524f720139c3cf140a82074b3c0c2d88) Importer(815301076,1909f56bfc062723c751e8b465ee728b)
Start importing Assets/Resources/Materials/移動先１.mat using Guid(524f720139c3cf140a82074b3c0c2d88) Importer(815301076,1909f56bfc062723c751e8b465ee728b)  -> (artifact id: '660b2164a5a4fc358feb57ed50150615') in 0.018174 seconds
Number of updated asset objects reloaded before import = 0
Number of asset objects unloaded after import = 2
========================================================================
Received Import Request.
  Time since last request: 0.000012 seconds.
  path: Assets/Resources/Materials/青.mat
  artifactKey: Guid(cbd6a3fe713e26140a5237b1e8dd1101) Importer(815301076,1909f56bfc062723c751e8b465ee728b)
Start importing Assets/Resources/Materials/青.mat using Guid(cbd6a3fe713e26140a5237b1e8dd1101) Importer(815301076,1909f56bfc062723c751e8b465ee728b)  -> (artifact id: '072fb95e87c5152b59b681e6235dcfc0') in 0.020438 seconds
Number of updated asset objects reloaded before import = 0
Number of asset objects unloaded after import = 2
========================================================================
Received Import Request.
  Time since last request: 0.000026 seconds.
  path: Assets/Resources/Materials/宝箱.mat
  artifactKey: Guid(bb7d263947f318c448a0de32898cdecc) Importer(815301076,1909f56bfc062723c751e8b465ee728b)
Start importing Assets/Resources/Materials/宝箱.mat using Guid(bb7d263947f318c448a0de32898cdecc) Importer(815301076,1909f56bfc062723c751e8b465ee728b)  -> (artifact id: 'cdcfc081937624a43040783850a38fe4') in 0.050323 seconds
Number of updated asset objects reloaded before import = 0
Number of asset objects unloaded after import = 2
========================================================================
Received Import Request.
  Time since last request: 0.000018 seconds.
  path: Assets/Resources/Materials/壁紙7.mat
  artifactKey: Guid(07dc97caddcab1f419c4d51381150fdc) Importer(815301076,1909f56bfc062723c751e8b465ee728b)
Start importing Assets/Resources/Materials/壁紙7.mat using Guid(07dc97caddcab1f419c4d51381150fdc) Importer(815301076,1909f56bfc062723c751e8b465ee728b)  -> (artifact id: '4e38aadbac0949628bb3d88a1b083a2b') in 0.033225 seconds
Number of updated asset objects reloaded before import = 0
Number of asset objects unloaded after import = 2
========================================================================
Received Import Request.
  Time since last request: 0.000014 seconds.
  path: Assets/Resources/Materials/壁.mat
  artifactKey: Guid(de8c2e9e11cc4284087badc1a7cc40c2) Importer(815301076,1909f56bfc062723c751e8b465ee728b)
Start importing Assets/Resources/Materials/壁.mat using Guid(de8c2e9e11cc4284087badc1a7cc40c2) Importer(815301076,1909f56bfc062723c751e8b465ee728b)  -> (artifact id: '509118a6b7ede2fe87917e2a2eba4314') in 0.021146 seconds
Number of updated asset objects reloaded before import = 0
Number of asset objects unloaded after import = 2
========================================================================
Received Import Request.
  Time since last request: 0.000020 seconds.
  path: Assets/Resources/Materials/髙塚の部屋.mat
  artifactKey: Guid(65467b6b1e102214898f604720084aec) Importer(815301076,1909f56bfc062723c751e8b465ee728b)
Start importing Assets/Resources/Materials/髙塚の部屋.mat using Guid(65467b6b1e102214898f604720084aec) Importer(815301076,1909f56bfc062723c751e8b465ee728b)  -> (artifact id: 'bb7c496a9d09df54954260bd941ce494') in 0.044167 seconds
Number of updated asset objects reloaded before import = 0
Number of asset objects unloaded after import = 2
========================================================================
Received Import Request.
  Time since last request: 0.000015 seconds.
  path: Assets/Resources/Materials/對馬光る.mat
  artifactKey: Guid(8ff524017297be44e8c449e4333f1c18) Importer(815301076,1909f56bfc062723c751e8b465ee728b)
Start importing Assets/Resources/Materials/對馬光る.mat using Guid(8ff524017297be44e8c449e4333f1c18) Importer(815301076,1909f56bfc062723c751e8b465ee728b)  -> (artifact id: 'f52d5e63b0c892d597f000881acce217') in 0.022183 seconds
Number of updated asset objects reloaded before import = 0
Number of asset objects unloaded after import = 2
========================================================================
Received Import Request.
  Time since last request: 0.000026 seconds.
  path: Assets/Resources/Materials/鍵を2つ見つれば先に行ける.mat
  artifactKey: Guid(fa54f070601bad74e9f2033e8fedb134) Importer(815301076,1909f56bfc062723c751e8b465ee728b)
Start importing Assets/Resources/Materials/鍵を2つ見つれば先に行ける.mat using Guid(fa54f070601bad74e9f2033e8fedb134) Importer(815301076,1909f56bfc062723c751e8b465ee728b)  -> (artifact id: 'f8b806ad09e1a0f2faa25305725c7ce7') in 0.021756 seconds
Number of updated asset objects reloaded before import = 0
Number of asset objects unloaded after import = 2
========================================================================
Received Import Request.
  Time since last request: 0.000027 seconds.
  path: Assets/Resources/Materials/椅子.mat
  artifactKey: Guid(50e9182f35a22234983cb24403a6a07c) Importer(815301076,1909f56bfc062723c751e8b465ee728b)
Start importing Assets/Resources/Materials/椅子.mat using Guid(50e9182f35a22234983cb24403a6a07c) Importer(815301076,1909f56bfc062723c751e8b465ee728b)  -> (artifact id: '6c2c36d556cd31a3854d6edb959b7851') in 0.027697 seconds
Number of updated asset objects reloaded before import = 0
Number of asset objects unloaded after import = 2
========================================================================
Received Import Request.
  Time since last request: 0.000014 seconds.
  path: Assets/Resources/Materials/無題640_20240101155623.mat
  artifactKey: Guid(f0ba933666db4ee46a6783426f039a53) Importer(815301076,1909f56bfc062723c751e8b465ee728b)
Start importing Assets/Resources/Materials/無題640_20240101155623.mat using Guid(f0ba933666db4ee46a6783426f039a53) Importer(815301076,1909f56bfc062723c751e8b465ee728b)  -> (artifact id: '3175dd0907f7bbff1400dfa0bfe61b4a') in 0.031599 seconds
Number of updated asset objects reloaded before import = 0
Number of asset objects unloaded after import = 2
========================================================================
Received Import Request.
  Time since last request: 0.000031 seconds.
  path: Assets/Resources/Materials/緑色.mat
  artifactKey: Guid(caef3e08e426f8a49935baede7d3d713) Importer(815301076,1909f56bfc062723c751e8b465ee728b)
Start importing Assets/Resources/Materials/緑色.mat using Guid(caef3e08e426f8a49935baede7d3d713) Importer(815301076,1909f56bfc062723c751e8b465ee728b)  -> (artifact id: '02c368e18cf119a9b7c88211c77b5058') in 0.014298 seconds
Number of updated asset objects reloaded before import = 0
Number of asset objects unloaded after import = 1
========================================================================
Received Import Request.
  Time since last request: 0.000020 seconds.
  path: Assets/Resources/Materials/無題639_20231225142223.mat
  artifactKey: Guid(15dc3d43549d1db48b1b8fc67a02d510) Importer(815301076,1909f56bfc062723c751e8b465ee728b)
Start importing Assets/Resources/Materials/無題639_20231225142223.mat using Guid(15dc3d43549d1db48b1b8fc67a02d510) Importer(815301076,1909f56bfc062723c751e8b465ee728b)  -> (artifact id: '2f0490175639308285059513249ab73a') in 0.051243 seconds
Number of updated asset objects reloaded before import = 0
Number of asset objects unloaded after import = 2
========================================================================
Received Import Request.
  Time since last request: 0.000015 seconds.
  path: Assets/Resources/Materials/透過した森田.mat
  artifactKey: Guid(c20d6c1f1e3eefb4887c9c8696956534) Importer(815301076,1909f56bfc062723c751e8b465ee728b)
Start importing Assets/Resources/Materials/透過した森田.mat using Guid(c20d6c1f1e3eefb4887c9c8696956534) Importer(815301076,1909f56bfc062723c751e8b465ee728b)  -> (artifact id: '8f1c8aea43312c993eb6fc26af6ae59a') in 0.033747 seconds
Number of updated asset objects reloaded before import = 0
Number of asset objects unloaded after import = 2
========================================================================
Received Import Request.
  Time since last request: 0.000018 seconds.
  path: Assets/Resources/Materials/試し1.mat
  artifactKey: Guid(09bfdd4ad3c892449bffe8102f3d49ec) Importer(815301076,1909f56bfc062723c751e8b465ee728b)
Start importing Assets/Resources/Materials/試し1.mat using Guid(09bfdd4ad3c892449bffe8102f3d49ec) Importer(815301076,1909f56bfc062723c751e8b465ee728b)  -> (artifact id: '727163dfc84a340f836771173e082acf') in 0.025828 seconds
Number of updated asset objects reloaded before import = 0
Number of asset objects unloaded after import = 2
========================================================================
Received Import Request.
  Time since last request: 0.000013 seconds.
  path: Assets/Resources/Materials/赤色.mat
  artifactKey: Guid(5e27167fdf1f81e42817e39d8edd4f6a) Importer(815301076,1909f56bfc062723c751e8b465ee728b)
Start importing Assets/Resources/Materials/赤色.mat using Guid(5e27167fdf1f81e42817e39d8edd4f6a) Importer(815301076,1909f56bfc062723c751e8b465ee728b)  -> (artifact id: 'dc25e271efa99ec77f9d104238aeba7d') in 0.012537 seconds
Number of updated asset objects reloaded before import = 0
Number of asset objects unloaded after import = 1
========================================================================
Received Import Request.
  Time since last request: 0.000028 seconds.
  path: Assets/Resources/Materials/無題639_20231225142414.mat
  artifactKey: Guid(515ae02e384771e499f3332065be1e94) Importer(815301076,1909f56bfc062723c751e8b465ee728b)
Start importing Assets/Resources/Materials/無題639_20231225142414.mat using Guid(515ae02e384771e499f3332065be1e94) Importer(815301076,1909f56bfc062723c751e8b465ee728b)  -> (artifact id: 'cb590507e2b6965aef07ca25e3794e76') in 0.032734 seconds
Number of updated asset objects reloaded before import = 0
Number of asset objects unloaded after import = 2
========================================================================
Received Import Request.
  Time since last request: 0.000023 seconds.
  path: Assets/Resources/Materials/無題.mat
  artifactKey: Guid(a830f1e5d0ca0f745890f2a57d9c1a84) Importer(815301076,1909f56bfc062723c751e8b465ee728b)
Start importing Assets/Resources/Materials/無題.mat using Guid(a830f1e5d0ca0f745890f2a57d9c1a84) Importer(815301076,1909f56bfc062723c751e8b465ee728b)  -> (artifact id: 'd52655332dbf99379e3ea2ee6ddfea2b') in 0.015902 seconds
Number of updated asset objects reloaded before import = 0
Number of asset objects unloaded after import = 2
========================================================================
Received Import Request.
  Time since last request: 0.000030 seconds.
  path: Assets/Resources/Materials/鍵.mat
  artifactKey: Guid(5204f7772b2b65e40856466d194067e6) Importer(815301076,1909f56bfc062723c751e8b465ee728b)
Start importing Assets/Resources/Materials/鍵.mat using Guid(5204f7772b2b65e40856466d194067e6) Importer(815301076,1909f56bfc062723c751e8b465ee728b)  -> (artifact id: '09c9acbe3d5e0e9de020df1351818a20') in 0.065014 seconds
Number of updated asset objects reloaded before import = 0
Number of asset objects unloaded after import = 2
========================================================================
Received Import Request.
  Time since last request: 0.000015 seconds.
  path: Assets/Resources/Materials/壁紙3.mat
  artifactKey: Guid(0013d1545a7a0d74cb4a35dc15d4984f) Importer(815301076,1909f56bfc062723c751e8b465ee728b)
Start importing Assets/Resources/Materials/壁紙3.mat using Guid(0013d1545a7a0d74cb4a35dc15d4984f) Importer(815301076,1909f56bfc062723c751e8b465ee728b)  -> (artifact id: '4af8888ebceb43069c2c97e52598f83e') in 0.012493 seconds
Number of updated asset objects reloaded before import = 0
Number of asset objects unloaded after import = 1
========================================================================
Received Import Request.
  Time since last request: 0.000015 seconds.
  path: Assets/Resources/Materials/鍵を１つ見つれば先に行ける.mat
  artifactKey: Guid(7453be4bc65c7b84184caeada8c8ee2b) Importer(815301076,1909f56bfc062723c751e8b465ee728b)
Start importing Assets/Resources/Materials/鍵を１つ見つれば先に行ける.mat using Guid(7453be4bc65c7b84184caeada8c8ee2b) Importer(815301076,1909f56bfc062723c751e8b465ee728b)  -> (artifact id: 'a2e4ff83b484919b7171a41deccfcb70') in 0.028718 seconds
Number of updated asset objects reloaded before import = 0
Number of asset objects unloaded after import = 2
========================================================================
Received Import Request.
  Time since last request: 0.000068 seconds.
  path: Assets/Resources/Materials/入口謎解き4.mat
  artifactKey: Guid(6426dea6d815e734889e8826818223a4) Importer(815301076,1909f56bfc062723c751e8b465ee728b)
Start importing Assets/Resources/Materials/入口謎解き4.mat using Guid(6426dea6d815e734889e8826818223a4) Importer(815301076,1909f56bfc062723c751e8b465ee728b)  -> (artifact id: '978beadb36db45fa4dca37f377eb3591') in 0.015893 seconds
Number of updated asset objects reloaded before import = 0
Number of asset objects unloaded after import = 2
========================================================================
Received Import Request.
  Time since last request: 0.000021 seconds.
  path: Assets/Resources/Materials/壁紙6.mat
  artifactKey: Guid(9a8d671fee04af049949e20338f52ff7) Importer(815301076,1909f56bfc062723c751e8b465ee728b)
Start importing Assets/Resources/Materials/壁紙6.mat using Guid(9a8d671fee04af049949e20338f52ff7) Importer(815301076,1909f56bfc062723c751e8b465ee728b)  -> (artifact id: '73db6da3c1338793700be65701ef6e0b') in 0.013251 seconds
Number of updated asset objects reloaded before import = 0
Number of asset objects unloaded after import = 1
========================================================================
Received Import Request.
  Time since last request: 0.000015 seconds.
  path: Assets/Resources/Materials/壁紙4.mat
  artifactKey: Guid(7187b26f44b62b64fb8ba13f413c03a5) Importer(815301076,1909f56bfc062723c751e8b465ee728b)
Start importing Assets/Resources/Materials/壁紙4.mat using Guid(7187b26f44b62b64fb8ba13f413c03a5) Importer(815301076,1909f56bfc062723c751e8b465ee728b)  -> (artifact id: '3a01c5892ba0518fda37d4c81b1c9fc2') in 0.016603 seconds
Number of updated asset objects reloaded before import = 0
Number of asset objects unloaded after import = 1
========================================================================
Received Import Request.
  Time since last request: 0.000016 seconds.
  path: Assets/Resources/Materials/壁紙.mat
  artifactKey: Guid(ed99fa6ea894a2546aa254f02810459d) Importer(815301076,1909f56bfc062723c751e8b465ee728b)
Start importing Assets/Resources/Materials/壁紙.mat using Guid(ed99fa6ea894a2546aa254f02810459d) Importer(815301076,1909f56bfc062723c751e8b465ee728b)  -> (artifact id: 'a52a5bd4e2c9484452e8a3676b8c0abe') in 0.033771 seconds
Number of updated asset objects reloaded before import = 0
Number of asset objects unloaded after import = 2
========================================================================
Received Import Request.
  Time since last request: 0.000017 seconds.
  path: Assets/Resources/Materials/壁紙5.mat
  artifactKey: Guid(b4dac0852e2e0a04e8e18e68d67f4c08) Importer(815301076,1909f56bfc062723c751e8b465ee728b)
Start importing Assets/Resources/Materials/壁紙5.mat using Guid(b4dac0852e2e0a04e8e18e68d67f4c08) Importer(815301076,1909f56bfc062723c751e8b465ee728b)  -> (artifact id: '12cf9c69fab25052ee7c042a51247081') in 0.012633 seconds
Number of updated asset objects reloaded before import = 0
Number of asset objects unloaded after import = 1
========================================================================
Received Import Request.
  Time since last request: 0.000017 seconds.
  path: Assets/Resources/Materials/黄色 dayo.mat
  artifactKey: Guid(f8328931154fb83479abfa6be0ab0d4c) Importer(815301076,1909f56bfc062723c751e8b465ee728b)
Start importing Assets/Resources/Materials/黄色 dayo.mat using Guid(f8328931154fb83479abfa6be0ab0d4c) Importer(815301076,1909f56bfc062723c751e8b465ee728b)  -> (artifact id: 'a15e0811a178923e42c5aaed5ea6a8e8') in 0.014400 seconds
Number of updated asset objects reloaded before import = 0
Number of asset objects unloaded after import = 1
========================================================================
Received Import Request.
  Time since last request: 0.000042 seconds.
  path: Assets/Resources/Materials/黄色.mat
  artifactKey: Guid(801e667e8d7ff7d4782ed44f49101dac) Importer(815301076,1909f56bfc062723c751e8b465ee728b)
Start importing Assets/Resources/Materials/黄色.mat using Guid(801e667e8d7ff7d4782ed44f49101dac) Importer(815301076,1909f56bfc062723c751e8b465ee728b)  -> (artifact id: 'f9d5f8a0015b4dcbfe6d5bb91fde740a') in 0.021826 seconds
Number of updated asset objects reloaded before import = 0
Number of asset objects unloaded after import = 1
Editor requested this worker to shutdown with reason: Scaling down because of idle timeout
TcpMessagingSession - receive error: operation aborted. errorcode: 995, details: Xbh̏I܂̓AvP[V̗vɂāAI/O ͒~܂B
AssetImportWorker is now disconnected from the server
Process exiting
Exiting without the bug reporter. Application will terminate with return code 0